2019-07-16 00:12:32.214  INFO 9084 --- [           main] com.tirmizee.RunSpringBootHibernate      : Starting RunSpringBootHibernate on DESKTOP-HHFBQIT with PID 9084 (C:\Users\User\workspace\Spring-Boot-JPA-Hibernate\target\classes started by User in C:\Users\User\workspace\Spring-Boot-JPA-Hibernate)
2019-07-16 00:12:32.233  INFO 9084 --- [           main] com.tirmizee.RunSpringBootHibernate      : No active profile set, falling back to default profiles: default
2019-07-16 00:12:32.374  INFO 9084 --- [           main] ationConfigEmbeddedWebApplicationContext : Refreshing org.springframework.boot.context.embedded.AnnotationConfigEmbeddedWebApplicationContext@501edcf1: startup date [Tue Jul 16 00:12:32 ICT 2019]; root of context hierarchy
2019-07-16 00:12:35.943  INFO 9084 --- [           main] trationDelegate$BeanPostProcessorChecker : Bean 'org.springframework.transaction.annotation.ProxyTransactionManagementConfiguration' of type [org.springframework.transaction.annotation.ProxyTransactionManagementConfiguration$$EnhancerBySpringCGLIB$$a6d63a56] is not eligible for getting processed by all BeanPostProcessors (for example: not eligible for auto-proxying)
2019-07-16 00:12:37.566  INFO 9084 --- [           main] s.b.c.e.t.TomcatEmbeddedServletContainer : Tomcat initialized with port(s): 8999 (http)
2019-07-16 00:12:37.677  INFO 9084 --- [           main] o.apache.catalina.core.StandardService   : Starting service [Tomcat]
2019-07-16 00:12:37.678  INFO 9084 --- [           main] org.apache.catalina.core.StandardEngine  : Starting Servlet Engine: Apache Tomcat/8.5.40
2019-07-16 00:12:38.055  INFO 9084 --- [ost-startStop-1] o.a.c.c.C.[Tomcat].[localhost].[/]       : Initializing Spring embedded WebApplicationContext
2019-07-16 00:12:38.056  INFO 9084 --- [ost-startStop-1] o.s.web.context.ContextLoader            : Root WebApplicationContext: initialization completed in 5682 ms
2019-07-16 00:12:38.395  INFO 9084 --- [ost-startStop-1] o.s.b.w.servlet.ServletRegistrationBean  : Mapping servlet: 'dispatcherServlet' to [/]
2019-07-16 00:12:38.401  INFO 9084 --- [ost-startStop-1] o.s.b.w.servlet.FilterRegistrationBean   : Mapping filter: 'characterEncodingFilter' to: [/*]
2019-07-16 00:12:38.403  INFO 9084 --- [ost-startStop-1] o.s.b.w.servlet.FilterRegistrationBean   : Mapping filter: 'hiddenHttpMethodFilter' to: [/*]
2019-07-16 00:12:38.404  INFO 9084 --- [ost-startStop-1] o.s.b.w.servlet.FilterRegistrationBean   : Mapping filter: 'httpPutFormContentFilter' to: [/*]
2019-07-16 00:12:38.404  INFO 9084 --- [ost-startStop-1] o.s.b.w.servlet.FilterRegistrationBean   : Mapping filter: 'requestContextFilter' to: [/*]
2019-07-16 00:12:38.919  INFO 9084 --- [           main] com.zaxxer.hikari.HikariDataSource       : TirmizeePool - Started.
2019-07-16 00:12:40.811  INFO 9084 --- [           main] j.LocalContainerEntityManagerFactoryBean : Building JPA container EntityManagerFactory for persistence unit 'default'
2019-07-16 00:12:40.862  INFO 9084 --- [           main] o.hibernate.jpa.internal.util.LogHelper  : HHH000204: Processing PersistenceUnitInfo [
	name: default
	...]
2019-07-16 00:12:41.113  INFO 9084 --- [           main] org.hibernate.Version                    : HHH000412: Hibernate Core {5.0.12.Final}
2019-07-16 00:12:41.115  INFO 9084 --- [           main] org.hibernate.cfg.Environment            : HHH000206: hibernate.properties not found
2019-07-16 00:12:41.118  INFO 9084 --- [           main] org.hibernate.cfg.Environment            : HHH000021: Bytecode provider name : javassist
2019-07-16 00:12:41.187  INFO 9084 --- [           main] o.hibernate.annotations.common.Version   : HCANN000001: Hibernate Commons Annotations {5.0.1.Final}
2019-07-16 00:12:52.763  INFO 9084 --- [           main] org.hibernate.dialect.Dialect            : HHH000400: Using dialect: com.tirmizee.core.hibernate.dialect.OracleDialect
2019-07-16 00:12:53.646  WARN 9084 --- [           main] org.hibernate.orm.deprecation            : HHH90000014: Found use of deprecated [org.hibernate.id.SequenceHiLoGenerator] sequence-based id generator; use org.hibernate.id.enhanced.SequenceStyleGenerator instead.  See Hibernate Domain Model Mapping Guide for details.
2019-07-16 00:12:53.651  WARN 9084 --- [           main] org.hibernate.orm.deprecation            : HHH90000014: Found use of deprecated [org.hibernate.id.SequenceHiLoGenerator] sequence-based id generator; use org.hibernate.id.enhanced.SequenceStyleGenerator instead.  See Hibernate Domain Model Mapping Guide for details.
2019-07-16 00:12:54.624  INFO 9084 --- [           main] o.h.h.i.QueryTranslatorFactoryInitiator  : HHH000397: Using ASTQueryTranslatorFactory
2019-07-16 00:12:55.037  INFO 9084 --- [           main] j.LocalContainerEntityManagerFactoryBean : Initialized JPA EntityManagerFactory for persistence unit 'default'
2019-07-16 00:12:55.930  INFO 9084 --- [           main] org.dozer.config.GlobalSettings          : Trying to find Dozer configuration file: dozer.properties
2019-07-16 00:12:55.942  WARN 9084 --- [           main] org.dozer.config.GlobalSettings          : Dozer configuration file not found: dozer.properties.  Using defaults for all Dozer global properties.
2019-07-16 00:12:55.951  INFO 9084 --- [           main] org.dozer.DozerInitializer               : Initializing Dozer. Version: 5.5.0, Thread Name: main
2019-07-16 00:12:55.956  INFO 9084 --- [           main] org.dozer.jmx.JMXPlatformImpl            : Dozer JMX MBean [org.dozer.jmx:type=DozerStatisticsController] auto registered with the Platform MBean Server
2019-07-16 00:12:55.959  INFO 9084 --- [           main] org.dozer.jmx.JMXPlatformImpl            : Dozer JMX MBean [org.dozer.jmx:type=DozerAdminController] auto registered with the Platform MBean Server
2019-07-16 00:12:55.960  INFO 9084 --- [           main] org.dozer.DozerBeanMapper                : Initializing a new instance of dozer bean mapper.
2019-07-16 00:12:57.455  INFO 9084 --- [           main] s.w.s.m.m.a.RequestMappingHandlerAdapter : Looking for @ControllerAdvice: org.springframework.boot.context.embedded.AnnotationConfigEmbeddedWebApplicationContext@501edcf1: startup date [Tue Jul 16 00:12:32 ICT 2019]; root of context hierarchy
2019-07-16 00:12:58.024  INFO 9084 --- [           main] s.w.s.m.m.a.RequestMappingHandlerMapping : Mapped "{[/custormer/update],methods=[POST]}" onto public com.tirmizee.dto.CustomerDTO com.tirmizee.api.CustomerApiController.update(com.tirmizee.dto.CustomerDTO)
2019-07-16 00:12:58.027  INFO 9084 --- [           main] s.w.s.m.m.a.RequestMappingHandlerMapping : Mapped "{[/custormer/delete/{customerId}],methods=[GET]}" onto public com.tirmizee.dto.CustomerDTO com.tirmizee.api.CustomerApiController.update(java.lang.Integer)
2019-07-16 00:12:58.027  INFO 9084 --- [           main] s.w.s.m.m.a.RequestMappingHandlerMapping : Mapped "{[/custormer/create],methods=[POST]}" onto public com.tirmizee.dto.CustomerDTO com.tirmizee.api.CustomerApiController.create(com.tirmizee.dto.CustomerDTO)
2019-07-16 00:12:58.028  INFO 9084 --- [           main] s.w.s.m.m.a.RequestMappingHandlerMapping : Mapped "{[/custormer/find/all],methods=[GET]}" onto public java.util.List<com.tirmizee.dto.CustomerDTO> com.tirmizee.api.CustomerApiController.findAll()
2019-07-16 00:12:58.028  INFO 9084 --- [           main] s.w.s.m.m.a.RequestMappingHandlerMapping : Mapped "{[/custormer/hql/all],methods=[GET]}" onto public java.util.List<com.tirmizee.dto.CustomerDTO> com.tirmizee.api.CustomerApiController.hqlAll()
2019-07-16 00:12:58.028  INFO 9084 --- [           main] s.w.s.m.m.a.RequestMappingHandlerMapping : Mapped "{[/custormer/sql/all],methods=[GET]}" onto public java.util.List<com.tirmizee.dto.CustomerDTO> com.tirmizee.api.CustomerApiController.sqlAll()
2019-07-16 00:12:58.036  INFO 9084 --- [           main] s.w.s.m.m.a.RequestMappingHandlerMapping : Mapped "{[/dept/update],methods=[POST]}" onto public com.tirmizee.dto.Response<com.tirmizee.dto.DeptDTO> com.tirmizee.api.DeptApiControllor.update(com.tirmizee.dto.DeptDTO)
2019-07-16 00:12:58.037  INFO 9084 --- [           main] s.w.s.m.m.a.RequestMappingHandlerMapping : Mapped "{[/dept/delete/{deptno}],methods=[GET]}" onto public com.tirmizee.dto.Response<java.lang.Object> com.tirmizee.api.DeptApiControllor.delete(java.lang.Integer)
2019-07-16 00:12:58.037  INFO 9084 --- [           main] s.w.s.m.m.a.RequestMappingHandlerMapping : Mapped "{[/dept/create],methods=[POST]}" onto public com.tirmizee.dto.Response<com.tirmizee.dto.DeptDTO> com.tirmizee.api.DeptApiControllor.create(com.tirmizee.dto.DeptDTO)
2019-07-16 00:12:58.038  INFO 9084 --- [           main] s.w.s.m.m.a.RequestMappingHandlerMapping : Mapped "{[/dept/loc/{loc}],methods=[GET]}" onto public java.util.List<com.tirmizee.dto.DeptDTO> com.tirmizee.api.DeptApiControllor.all(java.lang.String)
2019-07-16 00:12:58.038  INFO 9084 --- [           main] s.w.s.m.m.a.RequestMappingHandlerMapping : Mapped "{[/dept/page],methods=[GET]}" onto public org.springframework.data.domain.Page<com.tirmizee.dto.DeptDTO> com.tirmizee.api.DeptApiControllor.page()
2019-07-16 00:12:58.039  INFO 9084 --- [           main] s.w.s.m.m.a.RequestMappingHandlerMapping : Mapped "{[/dept/find/all],methods=[GET]}" onto public java.util.List<com.tirmizee.dto.DeptDTO> com.tirmizee.api.DeptApiControllor.findAll()
2019-07-16 00:12:58.039  INFO 9084 --- [           main] s.w.s.m.m.a.RequestMappingHandlerMapping : Mapped "{[/dept/dao/criteria],methods=[POST]}" onto public java.util.List<com.tirmizee.dto.DeptDTO> com.tirmizee.api.DeptApiControllor.dao(com.tirmizee.dto.DeptDTO)
2019-07-16 00:12:58.040  INFO 9084 --- [           main] s.w.s.m.m.a.RequestMappingHandlerMapping : Mapped "{[/dept/dname/{dname}],methods=[GET]}" onto public java.util.List<com.tirmizee.dto.DeptDTO> com.tirmizee.api.DeptApiControllor.dname(java.lang.String)
2019-07-16 00:12:58.041  INFO 9084 --- [           main] s.w.s.m.m.a.RequestMappingHandlerMapping : Mapped "{[/dept/find/sort],methods=[GET]}" onto public java.util.List<com.tirmizee.dto.DeptDTO> com.tirmizee.api.DeptApiControllor.findAndSort()
2019-07-16 00:12:58.041  INFO 9084 --- [           main] s.w.s.m.m.a.RequestMappingHandlerMapping : Mapped "{[/dept/getone/{id}],methods=[GET]}" onto public com.tirmizee.jpa.entities.DemoDept com.tirmizee.api.DeptApiControllor.getone(java.lang.Integer)
2019-07-16 00:12:58.041  INFO 9084 --- [           main] s.w.s.m.m.a.RequestMappingHandlerMapping : Mapped "{[/dept/findone/{id}],methods=[GET]}" onto public com.tirmizee.jpa.entities.DemoDept com.tirmizee.api.DeptApiControllor.findone(java.lang.Integer)
2019-07-16 00:12:58.065  INFO 9084 --- [           main] s.w.s.m.m.a.RequestMappingHandlerMapping : Mapped "{[/member/create],methods=[POST]}" onto public com.tirmizee.dto.Response<com.tirmizee.dto.MemberDTO> com.tirmizee.api.MemberApiController.create(com.tirmizee.dto.MemberDTO)
2019-07-16 00:12:58.066  INFO 9084 --- [           main] s.w.s.m.m.a.RequestMappingHandlerMapping : Mapped "{[/member/get/{memberId}],methods=[GET]}" onto public com.tirmizee.dto.MemberDTO com.tirmizee.api.MemberApiController.getMember(java.lang.Integer)
2019-07-16 00:12:58.068  INFO 9084 --- [           main] s.w.s.m.m.a.RequestMappingHandlerMapping : Mapped "{[/member/page],methods=[POST]}" onto public org.springframework.data.domain.Page<com.tirmizee.dto.MemberDTO> com.tirmizee.api.MemberApiController.page(com.tirmizee.dto.MemberDTO)
2019-07-16 00:12:58.068  INFO 9084 --- [           main] s.w.s.m.m.a.RequestMappingHandlerMapping : Mapped "{[/member/page/{code}],methods=[GET]}" onto public org.springframework.data.domain.Page<com.tirmizee.dto.MemberDTO> com.tirmizee.api.MemberApiController.page(java.lang.String)
2019-07-16 00:12:58.071  INFO 9084 --- [           main] s.w.s.m.m.a.RequestMappingHandlerMapping : Mapped "{[/member/find/all],methods=[GET]}" onto public java.util.List<com.tirmizee.dto.MemberDTO> com.tirmizee.api.MemberApiController.findAll()
2019-07-16 00:12:58.072  INFO 9084 --- [           main] s.w.s.m.m.a.RequestMappingHandlerMapping : Mapped "{[/member/username/{username}],methods=[GET]}" onto public java.util.List<com.tirmizee.dto.MemberDTO> com.tirmizee.api.MemberApiController.findByDemoUserUserName(java.lang.String)
2019-07-16 00:12:58.072  INFO 9084 --- [           main] s.w.s.m.m.a.RequestMappingHandlerMapping : Mapped "{[/member/activefalse],methods=[GET]}" onto public java.util.List<com.tirmizee.dto.MemberDTO> com.tirmizee.api.MemberApiController.findByActiveFalse()
2019-07-16 00:12:58.073  INFO 9084 --- [           main] s.w.s.m.m.a.RequestMappingHandlerMapping : Mapped "{[/member/namelike/{name}],methods=[GET]}" onto public java.util.List<com.tirmizee.dto.MemberDTO> com.tirmizee.api.MemberApiController.findByMemberNameLike(java.lang.String)
2019-07-16 00:12:58.075  INFO 9084 --- [           main] s.w.s.m.m.a.RequestMappingHandlerMapping : Mapped "{[/member/createdate/between],methods=[GET]}" onto public java.util.List<com.tirmizee.dto.MemberDTO> com.tirmizee.api.MemberApiController.findByMemberNameLike()
2019-07-16 00:12:58.075  INFO 9084 --- [           main] s.w.s.m.m.a.RequestMappingHandlerMapping : Mapped "{[/member/namestartingwith/{name}],methods=[GET]}" onto public java.util.List<com.tirmizee.dto.MemberDTO> com.tirmizee.api.MemberApiController.findByMemberNameStartingWith(java.lang.String)
2019-07-16 00:12:58.076  INFO 9084 --- [           main] s.w.s.m.m.a.RequestMappingHandlerMapping : Mapped "{[/member/scoreisnull],methods=[GET]}" onto public java.util.List<com.tirmizee.dto.MemberDTO> com.tirmizee.api.MemberApiController.findByScoreIsNull()
2019-07-16 00:12:58.077  INFO 9084 --- [           main] s.w.s.m.m.a.RequestMappingHandlerMapping : Mapped "{[/member/codenot/{code}],methods=[GET]}" onto public java.util.List<com.tirmizee.dto.MemberDTO> com.tirmizee.api.MemberApiController.findByMemberCodeNot(java.lang.String)
2019-07-16 00:12:58.078  INFO 9084 --- [           main] s.w.s.m.m.a.RequestMappingHandlerMapping : Mapped "{[/member/codeequals/{code}],methods=[GET]}" onto public com.tirmizee.dto.MemberDTO com.tirmizee.api.MemberApiController.getByMemberCodeEquals(java.lang.String)
2019-07-16 00:12:58.078  INFO 9084 --- [           main] s.w.s.m.m.a.RequestMappingHandlerMapping : Mapped "{[/member/codeis/{code}],methods=[GET]}" onto public com.tirmizee.dto.MemberDTO com.tirmizee.api.MemberApiController.getByMemberCodeIs(java.lang.String)
2019-07-16 00:12:58.082  INFO 9084 --- [           main] s.w.s.m.m.a.RequestMappingHandlerMapping : Mapped "{[/member/codeorname/{code}/{name}],methods=[GET]}" onto public java.util.List<com.tirmizee.dto.MemberDTO> com.tirmizee.api.MemberApiController.findByMemberCodeOrName(java.lang.String,java.lang.String)
2019-07-16 00:12:58.084  INFO 9084 --- [           main] s.w.s.m.m.a.RequestMappingHandlerMapping : Mapped "{[/member/codeandname/{code}/{name}],methods=[GET]}" onto public com.tirmizee.dto.MemberDTO com.tirmizee.api.MemberApiController.getByMemberCodeAndName(java.lang.String,java.lang.String)
2019-07-16 00:12:58.085  INFO 9084 --- [           main] s.w.s.m.m.a.RequestMappingHandlerMapping : Mapped "{[/member/scoreless/{score}],methods=[GET]}" onto public java.util.List<com.tirmizee.dto.MemberDTO> com.tirmizee.api.MemberApiController.findByScoreLessThan(java.lang.Integer)
2019-07-16 00:12:58.087  INFO 9084 --- [           main] s.w.s.m.m.a.RequestMappingHandlerMapping : Mapped "{[/member/scoregreater/{score}],methods=[GET]}" onto public java.util.List<com.tirmizee.dto.MemberDTO> com.tirmizee.api.MemberApiController.findByScoreGreaterThan(java.lang.Integer)
2019-07-16 00:12:58.088  INFO 9084 --- [           main] s.w.s.m.m.a.RequestMappingHandlerMapping : Mapped "{[/member/scoreisnotnull],methods=[GET]}" onto public java.util.List<com.tirmizee.dto.MemberDTO> com.tirmizee.api.MemberApiController.findByScoreIsNotNull()
2019-07-16 00:12:58.089  INFO 9084 --- [           main] s.w.s.m.m.a.RequestMappingHandlerMapping : Mapped "{[/member/nameendingwith/{name}],methods=[GET]}" onto public java.util.List<com.tirmizee.dto.MemberDTO> com.tirmizee.api.MemberApiController.findByMemberNameEndingWith(java.lang.String)
2019-07-16 00:12:58.089  INFO 9084 --- [           main] s.w.s.m.m.a.RequestMappingHandlerMapping : Mapped "{[/member/page/{page}/{size}],methods=[GET]}" onto public org.springframework.data.domain.Page<com.tirmizee.dto.MemberDTO> com.tirmizee.api.MemberApiController.findByMemberDatailEmailContaining(int,int)
2019-07-16 00:12:58.090  INFO 9084 --- [           main] s.w.s.m.m.a.RequestMappingHandlerMapping : Mapped "{[/member/email/{email}],methods=[GET]}" onto public java.util.List<com.tirmizee.dto.MemberDTO> com.tirmizee.api.MemberApiController.findByMemberDatailEmailContaining(java.lang.String)
2019-07-16 00:12:58.091  INFO 9084 --- [           main] s.w.s.m.m.a.RequestMappingHandlerMapping : Mapped "{[/member/codes/{code}/desc],methods=[GET]}" onto public java.util.List<com.tirmizee.dto.MemberDTO> com.tirmizee.api.MemberApiController.findByMemberCodeOrderByMemberCodeDesc(java.lang.String)
2019-07-16 00:12:58.091  INFO 9084 --- [           main] s.w.s.m.m.a.RequestMappingHandlerMapping : Mapped "{[/member/codesdesc/{code}],methods=[GET]}" onto public java.util.List<com.tirmizee.dto.MemberDTO> com.tirmizee.api.MemberApiController.findByMemberCodeAndScoreIsNotNullOrderBy(java.lang.String)
2019-07-16 00:12:58.091  INFO 9084 --- [           main] s.w.s.m.m.a.RequestMappingHandlerMapping : Mapped "{[/member/code/{code}],methods=[GET]}" onto public com.tirmizee.dto.MemberDTO com.tirmizee.api.MemberApiController.getByMemberCode(java.lang.String)
2019-07-16 00:12:58.092  INFO 9084 --- [           main] s.w.s.m.m.a.RequestMappingHandlerMapping : Mapped "{[/member/codes/{code}],methods=[GET]}" onto public java.util.List<com.tirmizee.dto.MemberDTO> com.tirmizee.api.MemberApiController.findByMemberCode(java.lang.String)
2019-07-16 00:12:58.122  INFO 9084 --- [           main] s.w.s.m.m.a.RequestMappingHandlerMapping : Mapped "{[/member/scorein],methods=[GET]}" onto public java.util.List<com.tirmizee.dto.MemberDTO> com.tirmizee.api.MemberApiController.findByScoreIn()
2019-07-16 00:12:58.123  INFO 9084 --- [           main] s.w.s.m.m.a.RequestMappingHandlerMapping : Mapped "{[/member/activeture],methods=[GET]}" onto public java.util.List<com.tirmizee.dto.MemberDTO> com.tirmizee.api.MemberApiController.findByActiveTrue()
2019-07-16 00:12:58.123  INFO 9084 --- [           main] s.w.s.m.m.a.RequestMappingHandlerMapping : Mapped "{[/member/delete/{memberId}],methods=[GET]}" onto public com.tirmizee.dto.Response<java.lang.Object> com.tirmizee.api.MemberApiController.deleteMember(java.lang.Integer)
2019-07-16 00:12:58.124  INFO 9084 --- [           main] s.w.s.m.m.a.RequestMappingHandlerMapping : Mapped "{[/member/findbyuser],methods=[POST]}" onto public java.util.List<com.tirmizee.dto.MemberDTO> com.tirmizee.api.MemberApiController.findByUser(com.tirmizee.dto.UserDTO)
2019-07-16 00:12:58.127  INFO 9084 --- [           main] s.w.s.m.m.a.RequestMappingHandlerMapping : Mapped "{[/user/test],methods=[GET]}" onto public java.lang.String com.tirmizee.api.UserApiController.test()
2019-07-16 00:12:58.149  INFO 9084 --- [           main] s.w.s.m.m.a.RequestMappingHandlerMapping : Mapped "{[/error]}" onto public org.springframework.http.ResponseEntity<java.util.Map<java.lang.String, java.lang.Object>> org.springframework.boot.autoconfigure.web.BasicErrorController.error(javax.servlet.http.HttpServletRequest)
2019-07-16 00:12:58.151  INFO 9084 --- [           main] s.w.s.m.m.a.RequestMappingHandlerMapping : Mapped "{[/error],produces=[text/html]}" onto public org.springframework.web.servlet.ModelAndView org.springframework.boot.autoconfigure.web.BasicErrorController.errorHtml(javax.servlet.http.HttpServletRequest,javax.servlet.http.HttpServletResponse)
2019-07-16 00:12:58.291  INFO 9084 --- [           main] o.s.w.s.handler.SimpleUrlHandlerMapping  : Mapped URL path [/webjars/**] onto handler of type [class org.springframework.web.servlet.resource.ResourceHttpRequestHandler]
2019-07-16 00:12:58.291  INFO 9084 --- [           main] o.s.w.s.handler.SimpleUrlHandlerMapping  : Mapped URL path [/**] onto handler of type [class org.springframework.web.servlet.resource.ResourceHttpRequestHandler]
2019-07-16 00:12:58.410  INFO 9084 --- [           main] o.s.w.s.handler.SimpleUrlHandlerMapping  : Mapped URL path [/**/favicon.ico] onto handler of type [class org.springframework.web.servlet.resource.ResourceHttpRequestHandler]
2019-07-16 00:12:59.156  INFO 9084 --- [           main] o.s.j.e.a.AnnotationMBeanExporter        : Registering beans for JMX exposure on startup
2019-07-16 00:12:59.164  INFO 9084 --- [           main] o.s.j.e.a.AnnotationMBeanExporter        : Bean with name 'dataSource' has been autodetected for JMX exposure
2019-07-16 00:12:59.181  INFO 9084 --- [           main] o.s.j.e.a.AnnotationMBeanExporter        : Located MBean 'dataSource': registering with JMX server as MBean [com.zaxxer.hikari:name=dataSource,type=HikariDataSource]
2019-07-16 00:12:59.375  INFO 9084 --- [           main] s.b.c.e.t.TomcatEmbeddedServletContainer : Tomcat started on port(s): 8999 (http)
2019-07-16 00:12:59.390  INFO 9084 --- [           main] com.tirmizee.RunSpringBootHibernate      : Started RunSpringBootHibernate in 28.181 seconds (JVM running for 29.975)
2019-07-16 00:13:04.106  INFO 9084 --- [nio-8999-exec-1] o.a.c.c.C.[Tomcat].[localhost].[/]       : Initializing Spring FrameworkServlet 'dispatcherServlet'
2019-07-16 00:13:04.109  INFO 9084 --- [nio-8999-exec-1] o.s.web.servlet.DispatcherServlet        : FrameworkServlet 'dispatcherServlet': initialization started
2019-07-16 00:13:04.169  INFO 9084 --- [nio-8999-exec-1] o.s.web.servlet.DispatcherServlet        : FrameworkServlet 'dispatcherServlet': initialization completed in 52 ms
2019-07-16 00:13:04.299 DEBUG 9084 --- [nio-8999-exec-1] org.hibernate.SQL                        : 
    /* SQL_ALL_CUSTOMER */ SELECT
        * 
    FROM
        DEMO_CUSTOMER
2019-07-16 00:13:04.479 ERROR 9084 --- [nio-8999-exec-1] o.a.c.c.C.[.[.[/].[dispatcherServlet]    : Servlet.service() for servlet [dispatcherServlet] in context with path [] threw exception [Request processing failed; nested exception is java.lang.ClassCastException: com.tirmizee.jpa.entities.DemoCustomer cannot be cast to java.util.Map] with root cause

java.lang.ClassCastException: com.tirmizee.jpa.entities.DemoCustomer cannot be cast to java.util.Map
	at org.hibernate.property.access.internal.PropertyAccessMapImpl$SetterImpl.set(PropertyAccessMapImpl.java:102)
	at org.hibernate.transform.AliasToBeanResultTransformer.transformTuple(AliasToBeanResultTransformer.java:78)
	at org.hibernate.hql.internal.HolderInstantiator.instantiate(HolderInstantiator.java:75)
	at org.hibernate.loader.custom.CustomLoader.getResultList(CustomLoader.java:435)
	at org.hibernate.loader.Loader.listIgnoreQueryCache(Loader.java:2429)
	at org.hibernate.loader.Loader.list(Loader.java:2424)
	at org.hibernate.loader.custom.CustomLoader.list(CustomLoader.java:336)
	at org.hibernate.internal.SessionImpl.listCustomQuery(SessionImpl.java:1967)
	at org.hibernate.internal.AbstractSessionImpl.list(AbstractSessionImpl.java:322)
	at org.hibernate.internal.SQLQueryImpl.list(SQLQueryImpl.java:125)
	at com.tirmizee.dao.CustomerDaoImpl.allCustomerSql(CustomerDaoImpl.java:28)
	at com.tirmizee.dao.CustomerDaoImpl$$FastClassBySpringCGLIB$$50b56978.invoke(<generated>)
	at org.springframework.cglib.proxy.MethodProxy.invoke(MethodProxy.java:204)
	at org.springframework.aop.framework.CglibAopProxy$CglibMethodInvocation.invokeJoinpoint(CglibAopProxy.java:736)
	at org.springframework.aop.framework.ReflectiveMethodInvocation.proceed(ReflectiveMethodInvocation.java:157)
	at org.springframework.dao.support.PersistenceExceptionTranslationInterceptor.invoke(PersistenceExceptionTranslationInterceptor.java:136)
	at org.springframework.aop.framework.ReflectiveMethodInvocation.proceed(ReflectiveMethodInvocation.java:179)
	at org.springframework.aop.framework.CglibAopProxy$DynamicAdvisedInterceptor.intercept(CglibAopProxy.java:671)
	at com.tirmizee.dao.CustomerDaoImpl$$EnhancerBySpringCGLIB$$b2b262da.allCustomerSql(<generated>)
	at com.tirmizee.api.CustomerApiController.sqlAll(CustomerApiController.java:63)
	at sun.reflect.NativeMethodAccessorImpl.invoke0(Native Method)
	at sun.reflect.NativeMethodAccessorImpl.invoke(NativeMethodAccessorImpl.java:62)
	at sun.reflect.DelegatingMethodAccessorImpl.invoke(DelegatingMethodAccessorImpl.java:43)
	at java.lang.reflect.Method.invoke(Method.java:498)
	at org.springframework.web.method.support.InvocableHandlerMethod.doInvoke(InvocableHandlerMethod.java:205)
	at org.springframework.web.method.support.InvocableHandlerMethod.invokeForRequest(InvocableHandlerMethod.java:133)
	at org.springframework.web.servlet.mvc.method.annotation.ServletInvocableHandlerMethod.invokeAndHandle(ServletInvocableHandlerMethod.java:97)
	at org.springframework.web.servlet.mvc.method.annotation.RequestMappingHandlerAdapter.invokeHandlerMethod(RequestMappingHandlerAdapter.java:854)
	at org.springframework.web.servlet.mvc.method.annotation.RequestMappingHandlerAdapter.handleInternal(RequestMappingHandlerAdapter.java:765)
	at org.springframework.web.servlet.mvc.method.AbstractHandlerMethodAdapter.handle(AbstractHandlerMethodAdapter.java:85)
	at org.springframework.web.servlet.DispatcherServlet.doDispatch(DispatcherServlet.java:967)
	at org.springframework.web.servlet.DispatcherServlet.doService(DispatcherServlet.java:901)
	at org.springframework.web.servlet.FrameworkServlet.processRequest(FrameworkServlet.java:970)
	at org.springframework.web.servlet.FrameworkServlet.doGet(FrameworkServlet.java:861)
	at javax.servlet.http.HttpServlet.service(HttpServlet.java:635)
	at org.springframework.web.servlet.FrameworkServlet.service(FrameworkServlet.java:846)
	at javax.servlet.http.HttpServlet.service(HttpServlet.java:742)
	at org.apache.catalina.core.ApplicationFilterChain.internalDoFilter(ApplicationFilterChain.java:231)
	at org.apache.catalina.core.ApplicationFilterChain.doFilter(ApplicationFilterChain.java:166)
	at org.apache.tomcat.websocket.server.WsFilter.doFilter(WsFilter.java:52)
	at org.apache.catalina.core.ApplicationFilterChain.internalDoFilter(ApplicationFilterChain.java:193)
	at org.apache.catalina.core.ApplicationFilterChain.doFilter(ApplicationFilterChain.java:166)
	at org.springframework.web.filter.RequestContextFilter.doFilterInternal(RequestContextFilter.java:99)
	at org.springframework.web.filter.OncePerRequestFilter.doFilter(OncePerRequestFilter.java:107)
	at org.apache.catalina.core.ApplicationFilterChain.internalDoFilter(ApplicationFilterChain.java:193)
	at org.apache.catalina.core.ApplicationFilterChain.doFilter(ApplicationFilterChain.java:166)
	at org.springframework.web.filter.HttpPutFormContentFilter.doFilterInternal(HttpPutFormContentFilter.java:109)
	at org.springframework.web.filter.OncePerRequestFilter.doFilter(OncePerRequestFilter.java:107)
	at org.apache.catalina.core.ApplicationFilterChain.internalDoFilter(ApplicationFilterChain.java:193)
	at org.apache.catalina.core.ApplicationFilterChain.doFilter(ApplicationFilterChain.java:166)
	at org.springframework.web.filter.HiddenHttpMethodFilter.doFilterInternal(HiddenHttpMethodFilter.java:93)
	at org.springframework.web.filter.OncePerRequestFilter.doFilter(OncePerRequestFilter.java:107)
	at org.apache.catalina.core.ApplicationFilterChain.internalDoFilter(ApplicationFilterChain.java:193)
	at org.apache.catalina.core.ApplicationFilterChain.doFilter(ApplicationFilterChain.java:166)
	at org.springframework.web.filter.CharacterEncodingFilter.doFilterInternal(CharacterEncodingFilter.java:197)
	at org.springframework.web.filter.OncePerRequestFilter.doFilter(OncePerRequestFilter.java:107)
	at org.apache.catalina.core.ApplicationFilterChain.internalDoFilter(ApplicationFilterChain.java:193)
	at org.apache.catalina.core.ApplicationFilterChain.doFilter(ApplicationFilterChain.java:166)
	at org.apache.catalina.core.StandardWrapperValve.invoke(StandardWrapperValve.java:199)
	at org.apache.catalina.core.StandardContextValve.invoke(StandardContextValve.java:96)
	at org.apache.catalina.authenticator.AuthenticatorBase.invoke(AuthenticatorBase.java:493)
	at org.apache.catalina.core.StandardHostValve.invoke(StandardHostValve.java:137)
	at org.apache.catalina.valves.ErrorReportValve.invoke(ErrorReportValve.java:81)
	at org.apache.catalina.core.StandardEngineValve.invoke(StandardEngineValve.java:87)
	at org.apache.catalina.connector.CoyoteAdapter.service(CoyoteAdapter.java:343)
	at org.apache.coyote.http11.Http11Processor.service(Http11Processor.java:798)
	at org.apache.coyote.AbstractProcessorLight.process(AbstractProcessorLight.java:66)
	at org.apache.coyote.AbstractProtocol$ConnectionHandler.process(AbstractProtocol.java:808)
	at org.apache.tomcat.util.net.NioEndpoint$SocketProcessor.doRun(NioEndpoint.java:1498)
	at org.apache.tomcat.util.net.SocketProcessorBase.run(SocketProcessorBase.java:49)
	at java.util.concurrent.ThreadPoolExecutor.runWorker(ThreadPoolExecutor.java:1149)
	at java.util.concurrent.ThreadPoolExecutor$Worker.run(ThreadPoolExecutor.java:624)
	at org.apache.tomcat.util.threads.TaskThread$WrappingRunnable.run(TaskThread.java:61)
	at java.lang.Thread.run(Thread.java:748)

2019-07-16 00:27:19.415  INFO 1684 --- [           main] com.tirmizee.RunSpringBootHibernate      : Starting RunSpringBootHibernate on DESKTOP-HHFBQIT with PID 1684 (C:\Users\User\workspace\Spring-Boot-JPA-Hibernate\target\classes started by User in C:\Users\User\workspace\Spring-Boot-JPA-Hibernate)
2019-07-16 00:27:19.421  INFO 1684 --- [           main] com.tirmizee.RunSpringBootHibernate      : No active profile set, falling back to default profiles: default
2019-07-16 00:27:19.552  INFO 1684 --- [           main] ationConfigEmbeddedWebApplicationContext : Refreshing org.springframework.boot.context.embedded.AnnotationConfigEmbeddedWebApplicationContext@501edcf1: startup date [Tue Jul 16 00:27:19 ICT 2019]; root of context hierarchy
2019-07-16 00:27:22.766  INFO 1684 --- [           main] trationDelegate$BeanPostProcessorChecker : Bean 'org.springframework.transaction.annotation.ProxyTransactionManagementConfiguration' of type [org.springframework.transaction.annotation.ProxyTransactionManagementConfiguration$$EnhancerBySpringCGLIB$$154b7c2c] is not eligible for getting processed by all BeanPostProcessors (for example: not eligible for auto-proxying)
2019-07-16 00:27:23.913  INFO 1684 --- [           main] s.b.c.e.t.TomcatEmbeddedServletContainer : Tomcat initialized with port(s): 8999 (http)
2019-07-16 00:27:23.963  INFO 1684 --- [           main] o.apache.catalina.core.StandardService   : Starting service [Tomcat]
2019-07-16 00:27:23.964  INFO 1684 --- [           main] org.apache.catalina.core.StandardEngine  : Starting Servlet Engine: Apache Tomcat/8.5.40
2019-07-16 00:27:24.197  INFO 1684 --- [ost-startStop-1] o.a.c.c.C.[Tomcat].[localhost].[/]       : Initializing Spring embedded WebApplicationContext
2019-07-16 00:27:24.197  INFO 1684 --- [ost-startStop-1] o.s.web.context.ContextLoader            : Root WebApplicationContext: initialization completed in 4645 ms
2019-07-16 00:27:24.494  INFO 1684 --- [ost-startStop-1] o.s.b.w.servlet.ServletRegistrationBean  : Mapping servlet: 'dispatcherServlet' to [/]
2019-07-16 00:27:24.500  INFO 1684 --- [ost-startStop-1] o.s.b.w.servlet.FilterRegistrationBean   : Mapping filter: 'characterEncodingFilter' to: [/*]
2019-07-16 00:27:24.501  INFO 1684 --- [ost-startStop-1] o.s.b.w.servlet.FilterRegistrationBean   : Mapping filter: 'hiddenHttpMethodFilter' to: [/*]
2019-07-16 00:27:24.502  INFO 1684 --- [ost-startStop-1] o.s.b.w.servlet.FilterRegistrationBean   : Mapping filter: 'httpPutFormContentFilter' to: [/*]
2019-07-16 00:27:24.502  INFO 1684 --- [ost-startStop-1] o.s.b.w.servlet.FilterRegistrationBean   : Mapping filter: 'requestContextFilter' to: [/*]
2019-07-16 00:27:24.965  INFO 1684 --- [           main] com.zaxxer.hikari.HikariDataSource       : TirmizeePool - Started.
2019-07-16 00:27:26.567  INFO 1684 --- [           main] j.LocalContainerEntityManagerFactoryBean : Building JPA container EntityManagerFactory for persistence unit 'default'
2019-07-16 00:27:26.623  INFO 1684 --- [           main] o.hibernate.jpa.internal.util.LogHelper  : HHH000204: Processing PersistenceUnitInfo [
	name: default
	...]
2019-07-16 00:27:26.801  INFO 1684 --- [           main] org.hibernate.Version                    : HHH000412: Hibernate Core {5.0.12.Final}
2019-07-16 00:27:26.803  INFO 1684 --- [           main] org.hibernate.cfg.Environment            : HHH000206: hibernate.properties not found
2019-07-16 00:27:26.806  INFO 1684 --- [           main] org.hibernate.cfg.Environment            : HHH000021: Bytecode provider name : javassist
2019-07-16 00:27:26.884  INFO 1684 --- [           main] o.hibernate.annotations.common.Version   : HCANN000001: Hibernate Commons Annotations {5.0.1.Final}
2019-07-16 00:27:29.596  INFO 1684 --- [           main] org.hibernate.dialect.Dialect            : HHH000400: Using dialect: com.tirmizee.core.hibernate.dialect.OracleDialect
2019-07-16 00:27:30.209  WARN 1684 --- [           main] org.hibernate.orm.deprecation            : HHH90000014: Found use of deprecated [org.hibernate.id.SequenceHiLoGenerator] sequence-based id generator; use org.hibernate.id.enhanced.SequenceStyleGenerator instead.  See Hibernate Domain Model Mapping Guide for details.
2019-07-16 00:27:30.215  WARN 1684 --- [           main] org.hibernate.orm.deprecation            : HHH90000014: Found use of deprecated [org.hibernate.id.SequenceHiLoGenerator] sequence-based id generator; use org.hibernate.id.enhanced.SequenceStyleGenerator instead.  See Hibernate Domain Model Mapping Guide for details.
2019-07-16 00:27:31.243  INFO 1684 --- [           main] o.h.h.i.QueryTranslatorFactoryInitiator  : HHH000397: Using ASTQueryTranslatorFactory
2019-07-16 00:27:31.687  INFO 1684 --- [           main] j.LocalContainerEntityManagerFactoryBean : Initialized JPA EntityManagerFactory for persistence unit 'default'
2019-07-16 00:27:32.575  INFO 1684 --- [           main] org.dozer.config.GlobalSettings          : Trying to find Dozer configuration file: dozer.properties
2019-07-16 00:27:32.588  WARN 1684 --- [           main] org.dozer.config.GlobalSettings          : Dozer configuration file not found: dozer.properties.  Using defaults for all Dozer global properties.
2019-07-16 00:27:32.592  INFO 1684 --- [           main] org.dozer.DozerInitializer               : Initializing Dozer. Version: 5.5.0, Thread Name: main
2019-07-16 00:27:32.597  INFO 1684 --- [           main] org.dozer.jmx.JMXPlatformImpl            : Dozer JMX MBean [org.dozer.jmx:type=DozerStatisticsController] auto registered with the Platform MBean Server
2019-07-16 00:27:32.599  INFO 1684 --- [           main] org.dozer.jmx.JMXPlatformImpl            : Dozer JMX MBean [org.dozer.jmx:type=DozerAdminController] auto registered with the Platform MBean Server
2019-07-16 00:27:32.600  INFO 1684 --- [           main] org.dozer.DozerBeanMapper                : Initializing a new instance of dozer bean mapper.
2019-07-16 00:27:33.582  INFO 1684 --- [           main] s.w.s.m.m.a.RequestMappingHandlerAdapter : Looking for @ControllerAdvice: org.springframework.boot.context.embedded.AnnotationConfigEmbeddedWebApplicationContext@501edcf1: startup date [Tue Jul 16 00:27:19 ICT 2019]; root of context hierarchy
2019-07-16 00:27:33.907  INFO 1684 --- [           main] s.w.s.m.m.a.RequestMappingHandlerMapping : Mapped "{[/custormer/update],methods=[POST]}" onto public com.tirmizee.dto.CustomerDTO com.tirmizee.api.CustomerApiController.update(com.tirmizee.dto.CustomerDTO)
2019-07-16 00:27:33.909  INFO 1684 --- [           main] s.w.s.m.m.a.RequestMappingHandlerMapping : Mapped "{[/custormer/delete/{customerId}],methods=[GET]}" onto public com.tirmizee.dto.CustomerDTO com.tirmizee.api.CustomerApiController.update(java.lang.Integer)
2019-07-16 00:27:33.909  INFO 1684 --- [           main] s.w.s.m.m.a.RequestMappingHandlerMapping : Mapped "{[/custormer/create],methods=[POST]}" onto public com.tirmizee.dto.CustomerDTO com.tirmizee.api.CustomerApiController.create(com.tirmizee.dto.CustomerDTO)
2019-07-16 00:27:33.910  INFO 1684 --- [           main] s.w.s.m.m.a.RequestMappingHandlerMapping : Mapped "{[/custormer/find/all],methods=[GET]}" onto public java.util.List<com.tirmizee.dto.CustomerDTO> com.tirmizee.api.CustomerApiController.findAll()
2019-07-16 00:27:33.910  INFO 1684 --- [           main] s.w.s.m.m.a.RequestMappingHandlerMapping : Mapped "{[/custormer/hql/all],methods=[GET]}" onto public java.util.List<com.tirmizee.dto.CustomerDTO> com.tirmizee.api.CustomerApiController.hqlAll()
2019-07-16 00:27:33.911  INFO 1684 --- [           main] s.w.s.m.m.a.RequestMappingHandlerMapping : Mapped "{[/custormer/sql/all],methods=[GET]}" onto public java.util.List<com.tirmizee.dto.CustomerDTO> com.tirmizee.api.CustomerApiController.sqlAll()
2019-07-16 00:27:33.918  INFO 1684 --- [           main] s.w.s.m.m.a.RequestMappingHandlerMapping : Mapped "{[/dept/update],methods=[POST]}" onto public com.tirmizee.dto.Response<com.tirmizee.dto.DeptDTO> com.tirmizee.api.DeptApiControllor.update(com.tirmizee.dto.DeptDTO)
2019-07-16 00:27:33.918  INFO 1684 --- [           main] s.w.s.m.m.a.RequestMappingHandlerMapping : Mapped "{[/dept/delete/{deptno}],methods=[GET]}" onto public com.tirmizee.dto.Response<java.lang.Object> com.tirmizee.api.DeptApiControllor.delete(java.lang.Integer)
2019-07-16 00:27:33.919  INFO 1684 --- [           main] s.w.s.m.m.a.RequestMappingHandlerMapping : Mapped "{[/dept/create],methods=[POST]}" onto public com.tirmizee.dto.Response<com.tirmizee.dto.DeptDTO> com.tirmizee.api.DeptApiControllor.create(com.tirmizee.dto.DeptDTO)
2019-07-16 00:27:33.919  INFO 1684 --- [           main] s.w.s.m.m.a.RequestMappingHandlerMapping : Mapped "{[/dept/loc/{loc}],methods=[GET]}" onto public java.util.List<com.tirmizee.dto.DeptDTO> com.tirmizee.api.DeptApiControllor.all(java.lang.String)
2019-07-16 00:27:33.919  INFO 1684 --- [           main] s.w.s.m.m.a.RequestMappingHandlerMapping : Mapped "{[/dept/page],methods=[GET]}" onto public org.springframework.data.domain.Page<com.tirmizee.dto.DeptDTO> com.tirmizee.api.DeptApiControllor.page()
2019-07-16 00:27:33.920  INFO 1684 --- [           main] s.w.s.m.m.a.RequestMappingHandlerMapping : Mapped "{[/dept/find/all],methods=[GET]}" onto public java.util.List<com.tirmizee.dto.DeptDTO> com.tirmizee.api.DeptApiControllor.findAll()
2019-07-16 00:27:33.920  INFO 1684 --- [           main] s.w.s.m.m.a.RequestMappingHandlerMapping : Mapped "{[/dept/find/sort],methods=[GET]}" onto public java.util.List<com.tirmizee.dto.DeptDTO> com.tirmizee.api.DeptApiControllor.findAndSort()
2019-07-16 00:27:33.921  INFO 1684 --- [           main] s.w.s.m.m.a.RequestMappingHandlerMapping : Mapped "{[/dept/dname/{dname}],methods=[GET]}" onto public java.util.List<com.tirmizee.dto.DeptDTO> com.tirmizee.api.DeptApiControllor.dname(java.lang.String)
2019-07-16 00:27:33.921  INFO 1684 --- [           main] s.w.s.m.m.a.RequestMappingHandlerMapping : Mapped "{[/dept/getone/{id}],methods=[GET]}" onto public com.tirmizee.jpa.entities.DemoDept com.tirmizee.api.DeptApiControllor.getone(java.lang.Integer)
2019-07-16 00:27:33.922  INFO 1684 --- [           main] s.w.s.m.m.a.RequestMappingHandlerMapping : Mapped "{[/dept/dao/criteria],methods=[POST]}" onto public java.util.List<com.tirmizee.dto.DeptDTO> com.tirmizee.api.DeptApiControllor.dao(com.tirmizee.dto.DeptDTO)
2019-07-16 00:27:33.922  INFO 1684 --- [           main] s.w.s.m.m.a.RequestMappingHandlerMapping : Mapped "{[/dept/findone/{id}],methods=[GET]}" onto public com.tirmizee.jpa.entities.DemoDept com.tirmizee.api.DeptApiControllor.findone(java.lang.Integer)
2019-07-16 00:27:33.940  INFO 1684 --- [           main] s.w.s.m.m.a.RequestMappingHandlerMapping : Mapped "{[/member/create],methods=[POST]}" onto public com.tirmizee.dto.Response<com.tirmizee.dto.MemberDTO> com.tirmizee.api.MemberApiController.create(com.tirmizee.dto.MemberDTO)
2019-07-16 00:27:33.941  INFO 1684 --- [           main] s.w.s.m.m.a.RequestMappingHandlerMapping : Mapped "{[/member/get/{memberId}],methods=[GET]}" onto public com.tirmizee.dto.MemberDTO com.tirmizee.api.MemberApiController.getMember(java.lang.Integer)
2019-07-16 00:27:33.941  INFO 1684 --- [           main] s.w.s.m.m.a.RequestMappingHandlerMapping : Mapped "{[/member/page],methods=[POST]}" onto public org.springframework.data.domain.Page<com.tirmizee.dto.MemberDTO> com.tirmizee.api.MemberApiController.page(com.tirmizee.dto.MemberDTO)
2019-07-16 00:27:33.942  INFO 1684 --- [           main] s.w.s.m.m.a.RequestMappingHandlerMapping : Mapped "{[/member/page/{code}],methods=[GET]}" onto public org.springframework.data.domain.Page<com.tirmizee.dto.MemberDTO> com.tirmizee.api.MemberApiController.page(java.lang.String)
2019-07-16 00:27:33.942  INFO 1684 --- [           main] s.w.s.m.m.a.RequestMappingHandlerMapping : Mapped "{[/member/find/all],methods=[GET]}" onto public java.util.List<com.tirmizee.dto.MemberDTO> com.tirmizee.api.MemberApiController.findAll()
2019-07-16 00:27:33.942  INFO 1684 --- [           main] s.w.s.m.m.a.RequestMappingHandlerMapping : Mapped "{[/member/codeis/{code}],methods=[GET]}" onto public com.tirmizee.dto.MemberDTO com.tirmizee.api.MemberApiController.getByMemberCodeIs(java.lang.String)
2019-07-16 00:27:33.943  INFO 1684 --- [           main] s.w.s.m.m.a.RequestMappingHandlerMapping : Mapped "{[/member/codeequals/{code}],methods=[GET]}" onto public com.tirmizee.dto.MemberDTO com.tirmizee.api.MemberApiController.getByMemberCodeEquals(java.lang.String)
2019-07-16 00:27:33.943  INFO 1684 --- [           main] s.w.s.m.m.a.RequestMappingHandlerMapping : Mapped "{[/member/codeandname/{code}/{name}],methods=[GET]}" onto public com.tirmizee.dto.MemberDTO com.tirmizee.api.MemberApiController.getByMemberCodeAndName(java.lang.String,java.lang.String)
2019-07-16 00:27:33.944  INFO 1684 --- [           main] s.w.s.m.m.a.RequestMappingHandlerMapping : Mapped "{[/member/codeorname/{code}/{name}],methods=[GET]}" onto public java.util.List<com.tirmizee.dto.MemberDTO> com.tirmizee.api.MemberApiController.findByMemberCodeOrName(java.lang.String,java.lang.String)
2019-07-16 00:27:33.944  INFO 1684 --- [           main] s.w.s.m.m.a.RequestMappingHandlerMapping : Mapped "{[/member/codenot/{code}],methods=[GET]}" onto public java.util.List<com.tirmizee.dto.MemberDTO> com.tirmizee.api.MemberApiController.findByMemberCodeNot(java.lang.String)
2019-07-16 00:27:33.945  INFO 1684 --- [           main] s.w.s.m.m.a.RequestMappingHandlerMapping : Mapped "{[/member/nameendingwith/{name}],methods=[GET]}" onto public java.util.List<com.tirmizee.dto.MemberDTO> com.tirmizee.api.MemberApiController.findByMemberNameEndingWith(java.lang.String)
2019-07-16 00:27:33.945  INFO 1684 --- [           main] s.w.s.m.m.a.RequestMappingHandlerMapping : Mapped "{[/member/namestartingwith/{name}],methods=[GET]}" onto public java.util.List<com.tirmizee.dto.MemberDTO> com.tirmizee.api.MemberApiController.findByMemberNameStartingWith(java.lang.String)
2019-07-16 00:27:33.946  INFO 1684 --- [           main] s.w.s.m.m.a.RequestMappingHandlerMapping : Mapped "{[/member/namelike/{name}],methods=[GET]}" onto public java.util.List<com.tirmizee.dto.MemberDTO> com.tirmizee.api.MemberApiController.findByMemberNameLike(java.lang.String)
2019-07-16 00:27:33.946  INFO 1684 --- [           main] s.w.s.m.m.a.RequestMappingHandlerMapping : Mapped "{[/member/createdate/between],methods=[GET]}" onto public java.util.List<com.tirmizee.dto.MemberDTO> com.tirmizee.api.MemberApiController.findByMemberNameLike()
2019-07-16 00:27:33.947  INFO 1684 --- [           main] s.w.s.m.m.a.RequestMappingHandlerMapping : Mapped "{[/member/scoreless/{score}],methods=[GET]}" onto public java.util.List<com.tirmizee.dto.MemberDTO> com.tirmizee.api.MemberApiController.findByScoreLessThan(java.lang.Integer)
2019-07-16 00:27:33.947  INFO 1684 --- [           main] s.w.s.m.m.a.RequestMappingHandlerMapping : Mapped "{[/member/username/{username}],methods=[GET]}" onto public java.util.List<com.tirmizee.dto.MemberDTO> com.tirmizee.api.MemberApiController.findByDemoUserUserName(java.lang.String)
2019-07-16 00:27:33.948  INFO 1684 --- [           main] s.w.s.m.m.a.RequestMappingHandlerMapping : Mapped "{[/member/activefalse],methods=[GET]}" onto public java.util.List<com.tirmizee.dto.MemberDTO> com.tirmizee.api.MemberApiController.findByActiveFalse()
2019-07-16 00:27:33.948  INFO 1684 --- [           main] s.w.s.m.m.a.RequestMappingHandlerMapping : Mapped "{[/member/scoreisnotnull],methods=[GET]}" onto public java.util.List<com.tirmizee.dto.MemberDTO> com.tirmizee.api.MemberApiController.findByScoreIsNotNull()
2019-07-16 00:27:33.949  INFO 1684 --- [           main] s.w.s.m.m.a.RequestMappingHandlerMapping : Mapped "{[/member/scoreisnull],methods=[GET]}" onto public java.util.List<com.tirmizee.dto.MemberDTO> com.tirmizee.api.MemberApiController.findByScoreIsNull()
2019-07-16 00:27:33.991  INFO 1684 --- [           main] s.w.s.m.m.a.RequestMappingHandlerMapping : Mapped "{[/member/scoregreater/{score}],methods=[GET]}" onto public java.util.List<com.tirmizee.dto.MemberDTO> com.tirmizee.api.MemberApiController.findByScoreGreaterThan(java.lang.Integer)
2019-07-16 00:27:33.992  INFO 1684 --- [           main] s.w.s.m.m.a.RequestMappingHandlerMapping : Mapped "{[/member/email/{email}],methods=[GET]}" onto public java.util.List<com.tirmizee.dto.MemberDTO> com.tirmizee.api.MemberApiController.findByMemberDatailEmailContaining(java.lang.String)
2019-07-16 00:27:33.992  INFO 1684 --- [           main] s.w.s.m.m.a.RequestMappingHandlerMapping : Mapped "{[/member/page/{page}/{size}],methods=[GET]}" onto public org.springframework.data.domain.Page<com.tirmizee.dto.MemberDTO> com.tirmizee.api.MemberApiController.findByMemberDatailEmailContaining(int,int)
2019-07-16 00:27:33.992  INFO 1684 --- [           main] s.w.s.m.m.a.RequestMappingHandlerMapping : Mapped "{[/member/codes/{code}/desc],methods=[GET]}" onto public java.util.List<com.tirmizee.dto.MemberDTO> com.tirmizee.api.MemberApiController.findByMemberCodeOrderByMemberCodeDesc(java.lang.String)
2019-07-16 00:27:33.993  INFO 1684 --- [           main] s.w.s.m.m.a.RequestMappingHandlerMapping : Mapped "{[/member/codesdesc/{code}],methods=[GET]}" onto public java.util.List<com.tirmizee.dto.MemberDTO> com.tirmizee.api.MemberApiController.findByMemberCodeAndScoreIsNotNullOrderBy(java.lang.String)
2019-07-16 00:27:33.993  INFO 1684 --- [           main] s.w.s.m.m.a.RequestMappingHandlerMapping : Mapped "{[/member/activeture],methods=[GET]}" onto public java.util.List<com.tirmizee.dto.MemberDTO> com.tirmizee.api.MemberApiController.findByActiveTrue()
2019-07-16 00:27:33.994  INFO 1684 --- [           main] s.w.s.m.m.a.RequestMappingHandlerMapping : Mapped "{[/member/scorein],methods=[GET]}" onto public java.util.List<com.tirmizee.dto.MemberDTO> com.tirmizee.api.MemberApiController.findByScoreIn()
2019-07-16 00:27:33.994  INFO 1684 --- [           main] s.w.s.m.m.a.RequestMappingHandlerMapping : Mapped "{[/member/delete/{memberId}],methods=[GET]}" onto public com.tirmizee.dto.Response<java.lang.Object> com.tirmizee.api.MemberApiController.deleteMember(java.lang.Integer)
2019-07-16 00:27:33.995  INFO 1684 --- [           main] s.w.s.m.m.a.RequestMappingHandlerMapping : Mapped "{[/member/findbyuser],methods=[POST]}" onto public java.util.List<com.tirmizee.dto.MemberDTO> com.tirmizee.api.MemberApiController.findByUser(com.tirmizee.dto.UserDTO)
2019-07-16 00:27:33.996  INFO 1684 --- [           main] s.w.s.m.m.a.RequestMappingHandlerMapping : Mapped "{[/member/code/{code}],methods=[GET]}" onto public com.tirmizee.dto.MemberDTO com.tirmizee.api.MemberApiController.getByMemberCode(java.lang.String)
2019-07-16 00:27:33.996  INFO 1684 --- [           main] s.w.s.m.m.a.RequestMappingHandlerMapping : Mapped "{[/member/codes/{code}],methods=[GET]}" onto public java.util.List<com.tirmizee.dto.MemberDTO> com.tirmizee.api.MemberApiController.findByMemberCode(java.lang.String)
2019-07-16 00:27:33.997  INFO 1684 --- [           main] s.w.s.m.m.a.RequestMappingHandlerMapping : Mapped "{[/user/test],methods=[GET]}" onto public java.lang.String com.tirmizee.api.UserApiController.test()
2019-07-16 00:27:33.999  INFO 1684 --- [           main] s.w.s.m.m.a.RequestMappingHandlerMapping : Mapped "{[/error]}" onto public org.springframework.http.ResponseEntity<java.util.Map<java.lang.String, java.lang.Object>> org.springframework.boot.autoconfigure.web.BasicErrorController.error(javax.servlet.http.HttpServletRequest)
2019-07-16 00:27:34.000  INFO 1684 --- [           main] s.w.s.m.m.a.RequestMappingHandlerMapping : Mapped "{[/error],produces=[text/html]}" onto public org.springframework.web.servlet.ModelAndView org.springframework.boot.autoconfigure.web.BasicErrorController.errorHtml(javax.servlet.http.HttpServletRequest,javax.servlet.http.HttpServletResponse)
2019-07-16 00:27:34.064  INFO 1684 --- [           main] o.s.w.s.handler.SimpleUrlHandlerMapping  : Mapped URL path [/webjars/**] onto handler of type [class org.springframework.web.servlet.resource.ResourceHttpRequestHandler]
2019-07-16 00:27:34.064  INFO 1684 --- [           main] o.s.w.s.handler.SimpleUrlHandlerMapping  : Mapped URL path [/**] onto handler of type [class org.springframework.web.servlet.resource.ResourceHttpRequestHandler]
2019-07-16 00:27:34.143  INFO 1684 --- [           main] o.s.w.s.handler.SimpleUrlHandlerMapping  : Mapped URL path [/**/favicon.ico] onto handler of type [class org.springframework.web.servlet.resource.ResourceHttpRequestHandler]
2019-07-16 00:27:34.654  INFO 1684 --- [           main] o.s.j.e.a.AnnotationMBeanExporter        : Registering beans for JMX exposure on startup
2019-07-16 00:27:34.660  INFO 1684 --- [           main] o.s.j.e.a.AnnotationMBeanExporter        : Bean with name 'dataSource' has been autodetected for JMX exposure
2019-07-16 00:27:34.665  INFO 1684 --- [           main] o.s.j.e.a.AnnotationMBeanExporter        : Located MBean 'dataSource': registering with JMX server as MBean [com.zaxxer.hikari:name=dataSource,type=HikariDataSource]
2019-07-16 00:27:34.717  INFO 1684 --- [           main] s.b.c.e.t.TomcatEmbeddedServletContainer : Tomcat started on port(s): 8999 (http)
2019-07-16 00:27:34.725  INFO 1684 --- [           main] com.tirmizee.RunSpringBootHibernate      : Started RunSpringBootHibernate in 15.874 seconds (JVM running for 17.374)
2019-07-16 00:27:42.619  INFO 1684 --- [nio-8999-exec-1] o.a.c.c.C.[Tomcat].[localhost].[/]       : Initializing Spring FrameworkServlet 'dispatcherServlet'
2019-07-16 00:27:42.619  INFO 1684 --- [nio-8999-exec-1] o.s.web.servlet.DispatcherServlet        : FrameworkServlet 'dispatcherServlet': initialization started
2019-07-16 00:27:42.701  INFO 1684 --- [nio-8999-exec-1] o.s.web.servlet.DispatcherServlet        : FrameworkServlet 'dispatcherServlet': initialization completed in 82 ms
2019-07-16 00:27:42.830 DEBUG 1684 --- [nio-8999-exec-1] org.hibernate.SQL                        : 
    /* SQL_ALL_CUSTOMER */ SELECT
        * 
    FROM
        DEMO_CUSTOMER
2019-07-16 00:37:38.809  INFO 13440 --- [           main] com.tirmizee.RunSpringBootHibernate      : Starting RunSpringBootHibernate on DESKTOP-HHFBQIT with PID 13440 (C:\Users\User\workspace\Spring-Boot-JPA-Hibernate\target\classes started by User in C:\Users\User\workspace\Spring-Boot-JPA-Hibernate)
2019-07-16 00:37:38.815  INFO 13440 --- [           main] com.tirmizee.RunSpringBootHibernate      : No active profile set, falling back to default profiles: default
2019-07-16 00:37:38.926  INFO 13440 --- [           main] ationConfigEmbeddedWebApplicationContext : Refreshing org.springframework.boot.context.embedded.AnnotationConfigEmbeddedWebApplicationContext@501edcf1: startup date [Tue Jul 16 00:37:38 ICT 2019]; root of context hierarchy
2019-07-16 00:37:41.432  INFO 13440 --- [           main] trationDelegate$BeanPostProcessorChecker : Bean 'org.springframework.transaction.annotation.ProxyTransactionManagementConfiguration' of type [org.springframework.transaction.annotation.ProxyTransactionManagementConfiguration$$EnhancerBySpringCGLIB$$37ad1776] is not eligible for getting processed by all BeanPostProcessors (for example: not eligible for auto-proxying)
2019-07-16 00:37:42.624  INFO 13440 --- [           main] s.b.c.e.t.TomcatEmbeddedServletContainer : Tomcat initialized with port(s): 8999 (http)
2019-07-16 00:37:42.685  INFO 13440 --- [           main] o.apache.catalina.core.StandardService   : Starting service [Tomcat]
2019-07-16 00:37:42.686  INFO 13440 --- [           main] org.apache.catalina.core.StandardEngine  : Starting Servlet Engine: Apache Tomcat/8.5.40
2019-07-16 00:37:42.918  INFO 13440 --- [ost-startStop-1] o.a.c.c.C.[Tomcat].[localhost].[/]       : Initializing Spring embedded WebApplicationContext
2019-07-16 00:37:42.919  INFO 13440 --- [ost-startStop-1] o.s.web.context.ContextLoader            : Root WebApplicationContext: initialization completed in 3994 ms
2019-07-16 00:37:43.194  INFO 13440 --- [ost-startStop-1] o.s.b.w.servlet.ServletRegistrationBean  : Mapping servlet: 'dispatcherServlet' to [/]
2019-07-16 00:37:43.198  INFO 13440 --- [ost-startStop-1] o.s.b.w.servlet.FilterRegistrationBean   : Mapping filter: 'characterEncodingFilter' to: [/*]
2019-07-16 00:37:43.199  INFO 13440 --- [ost-startStop-1] o.s.b.w.servlet.FilterRegistrationBean   : Mapping filter: 'hiddenHttpMethodFilter' to: [/*]
2019-07-16 00:37:43.200  INFO 13440 --- [ost-startStop-1] o.s.b.w.servlet.FilterRegistrationBean   : Mapping filter: 'httpPutFormContentFilter' to: [/*]
2019-07-16 00:37:43.200  INFO 13440 --- [ost-startStop-1] o.s.b.w.servlet.FilterRegistrationBean   : Mapping filter: 'requestContextFilter' to: [/*]
2019-07-16 00:37:43.617  INFO 13440 --- [           main] com.zaxxer.hikari.HikariDataSource       : TirmizeePool - Started.
2019-07-16 00:37:44.972  INFO 13440 --- [           main] j.LocalContainerEntityManagerFactoryBean : Building JPA container EntityManagerFactory for persistence unit 'default'
2019-07-16 00:37:45.010  INFO 13440 --- [           main] o.hibernate.jpa.internal.util.LogHelper  : HHH000204: Processing PersistenceUnitInfo [
	name: default
	...]
2019-07-16 00:37:45.178  INFO 13440 --- [           main] org.hibernate.Version                    : HHH000412: Hibernate Core {5.0.12.Final}
2019-07-16 00:37:45.181  INFO 13440 --- [           main] org.hibernate.cfg.Environment            : HHH000206: hibernate.properties not found
2019-07-16 00:37:45.185  INFO 13440 --- [           main] org.hibernate.cfg.Environment            : HHH000021: Bytecode provider name : javassist
2019-07-16 00:37:45.267  INFO 13440 --- [           main] o.hibernate.annotations.common.Version   : HCANN000001: Hibernate Commons Annotations {5.0.1.Final}
2019-07-16 00:37:47.768  INFO 13440 --- [           main] org.hibernate.dialect.Dialect            : HHH000400: Using dialect: com.tirmizee.core.hibernate.dialect.OracleDialect
2019-07-16 00:37:48.311  WARN 13440 --- [           main] org.hibernate.orm.deprecation            : HHH90000014: Found use of deprecated [org.hibernate.id.SequenceHiLoGenerator] sequence-based id generator; use org.hibernate.id.enhanced.SequenceStyleGenerator instead.  See Hibernate Domain Model Mapping Guide for details.
2019-07-16 00:37:48.316  WARN 13440 --- [           main] org.hibernate.orm.deprecation            : HHH90000014: Found use of deprecated [org.hibernate.id.SequenceHiLoGenerator] sequence-based id generator; use org.hibernate.id.enhanced.SequenceStyleGenerator instead.  See Hibernate Domain Model Mapping Guide for details.
2019-07-16 00:37:48.868  INFO 13440 --- [           main] o.h.h.i.QueryTranslatorFactoryInitiator  : HHH000397: Using ASTQueryTranslatorFactory
2019-07-16 00:37:49.053 ERROR 13440 --- [           main] o.hibernate.internal.SessionFactoryImpl  : HHH000177: Error in named query: SQL_ALL_CUSTOMER

org.hibernate.MappingException: Unknown entity: com.tirmizee.dto.CustomerDTO
	at org.hibernate.internal.SessionFactoryImpl.getEntityPersister(SessionFactoryImpl.java:783)
	at org.hibernate.loader.custom.sql.SQLQueryReturnProcessor.getSQLLoadable(SQLQueryReturnProcessor.java:358)
	at org.hibernate.loader.custom.sql.SQLQueryReturnProcessor.processRootReturn(SQLQueryReturnProcessor.java:411)
	at org.hibernate.loader.custom.sql.SQLQueryReturnProcessor.processReturn(SQLQueryReturnProcessor.java:378)
	at org.hibernate.loader.custom.sql.SQLQueryReturnProcessor.process(SQLQueryReturnProcessor.java:180)
	at org.hibernate.loader.custom.sql.SQLCustomQuery.<init>(SQLCustomQuery.java:71)
	at org.hibernate.engine.query.internal.NativeQueryInterpreterStandardImpl.createQueryPlan(NativeQueryInterpreterStandardImpl.java:70)
	at org.hibernate.engine.query.spi.QueryPlanCache.getNativeSQLQueryPlan(QueryPlanCache.java:210)
	at org.hibernate.internal.NamedQueryRepository.checkNamedQueries(NamedQueryRepository.java:191)
	at org.hibernate.internal.SessionFactoryImpl.checkNamedQueries(SessionFactoryImpl.java:771)
	at org.hibernate.internal.SessionFactoryImpl.<init>(SessionFactoryImpl.java:486)
	at org.hibernate.boot.internal.SessionFactoryBuilderImpl.build(SessionFactoryBuilderImpl.java:444)
	at org.hibernate.jpa.boot.internal.EntityManagerFactoryBuilderImpl.build(EntityManagerFactoryBuilderImpl.java:879)
	at org.springframework.orm.jpa.vendor.SpringHibernateJpaPersistenceProvider.createContainerEntityManagerFactory(SpringHibernateJpaPersistenceProvider.java:60)
	at org.springframework.orm.jpa.LocalContainerEntityManagerFactoryBean.createNativeEntityManagerFactory(LocalContainerEntityManagerFactoryBean.java:360)
	at org.springframework.orm.jpa.AbstractEntityManagerFactoryBean.buildNativeEntityManagerFactory(AbstractEntityManagerFactoryBean.java:384)
	at org.springframework.orm.jpa.AbstractEntityManagerFactoryBean.afterPropertiesSet(AbstractEntityManagerFactoryBean.java:371)
	at org.springframework.orm.jpa.LocalContainerEntityManagerFactoryBean.afterPropertiesSet(LocalContainerEntityManagerFactoryBean.java:336)
	at org.springframework.beans.factory.support.AbstractAutowireCapableBeanFactory.invokeInitMethods(AbstractAutowireCapableBeanFactory.java:1688)
	at org.springframework.beans.factory.support.AbstractAutowireCapableBeanFactory.initializeBean(AbstractAutowireCapableBeanFactory.java:1626)
	at org.springframework.beans.factory.support.AbstractAutowireCapableBeanFactory.doCreateBean(AbstractAutowireCapableBeanFactory.java:553)
	at org.springframework.beans.factory.support.AbstractAutowireCapableBeanFactory.createBean(AbstractAutowireCapableBeanFactory.java:481)
	at org.springframework.beans.factory.support.AbstractBeanFactory$1.getObject(AbstractBeanFactory.java:312)
	at org.springframework.beans.factory.support.DefaultSingletonBeanRegistry.getSingleton(DefaultSingletonBeanRegistry.java:230)
	at org.springframework.beans.factory.support.AbstractBeanFactory.doGetBean(AbstractBeanFactory.java:308)
	at org.springframework.beans.factory.support.AbstractBeanFactory.getBean(AbstractBeanFactory.java:197)
	at org.springframework.context.support.AbstractApplicationContext.getBean(AbstractApplicationContext.java:1082)
	at org.springframework.context.support.AbstractApplicationContext.finishBeanFactoryInitialization(AbstractApplicationContext.java:857)
	at org.springframework.context.support.AbstractApplicationContext.refresh(AbstractApplicationContext.java:542)
	at org.springframework.boot.context.embedded.EmbeddedWebApplicationContext.refresh(EmbeddedWebApplicationContext.java:124)
	at org.springframework.boot.SpringApplication.refresh(SpringApplication.java:693)
	at org.springframework.boot.SpringApplication.refreshContext(SpringApplication.java:360)
	at org.springframework.boot.SpringApplication.run(SpringApplication.java:303)
	at org.springframework.boot.SpringApplication.run(SpringApplication.java:1118)
	at org.springframework.boot.SpringApplication.run(SpringApplication.java:1107)
	at com.tirmizee.RunSpringBootHibernate.main(RunSpringBootHibernate.java:10)

2019-07-16 00:37:49.056  WARN 13440 --- [           main] ationConfigEmbeddedWebApplicationContext : Exception encountered during context initialization - cancelling refresh attempt: org.springframework.beans.factory.BeanCreationException: Error creating bean with name 'entityManagerFactory' defined in class path resource [org/springframework/boot/autoconfigure/orm/jpa/HibernateJpaAutoConfiguration.class]: Invocation of init method failed; nested exception is javax.persistence.PersistenceException: [PersistenceUnit: default] Unable to build Hibernate SessionFactory; nested exception is org.hibernate.HibernateException: Errors in named queries: SQL_ALL_CUSTOMER
2019-07-16 00:37:49.057  INFO 13440 --- [           main] com.zaxxer.hikari.pool.HikariPool        : TirmizeePool - Close initiated...
2019-07-16 00:37:49.086  INFO 13440 --- [           main] com.zaxxer.hikari.pool.HikariPool        : TirmizeePool - Closed.
2019-07-16 00:37:49.092  INFO 13440 --- [           main] o.apache.catalina.core.StandardService   : Stopping service [Tomcat]
2019-07-16 00:37:49.169  INFO 13440 --- [           main] utoConfigurationReportLoggingInitializer : 

Error starting ApplicationContext. To display the auto-configuration report re-run your application with 'debug' enabled.
2019-07-16 00:37:49.178 ERROR 13440 --- [           main] o.s.boot.SpringApplication               : Application startup failed

org.springframework.beans.factory.BeanCreationException: Error creating bean with name 'entityManagerFactory' defined in class path resource [org/springframework/boot/autoconfigure/orm/jpa/HibernateJpaAutoConfiguration.class]: Invocation of init method failed; nested exception is javax.persistence.PersistenceException: [PersistenceUnit: default] Unable to build Hibernate SessionFactory; nested exception is org.hibernate.HibernateException: Errors in named queries: SQL_ALL_CUSTOMER
	at org.springframework.beans.factory.support.AbstractAutowireCapableBeanFactory.initializeBean(AbstractAutowireCapableBeanFactory.java:1630)
	at org.springframework.beans.factory.support.AbstractAutowireCapableBeanFactory.doCreateBean(AbstractAutowireCapableBeanFactory.java:553)
	at org.springframework.beans.factory.support.AbstractAutowireCapableBeanFactory.createBean(AbstractAutowireCapableBeanFactory.java:481)
	at org.springframework.beans.factory.support.AbstractBeanFactory$1.getObject(AbstractBeanFactory.java:312)
	at org.springframework.beans.factory.support.DefaultSingletonBeanRegistry.getSingleton(DefaultSingletonBeanRegistry.java:230)
	at org.springframework.beans.factory.support.AbstractBeanFactory.doGetBean(AbstractBeanFactory.java:308)
	at org.springframework.beans.factory.support.AbstractBeanFactory.getBean(AbstractBeanFactory.java:197)
	at org.springframework.context.support.AbstractApplicationContext.getBean(AbstractApplicationContext.java:1082)
	at org.springframework.context.support.AbstractApplicationContext.finishBeanFactoryInitialization(AbstractApplicationContext.java:857)
	at org.springframework.context.support.AbstractApplicationContext.refresh(AbstractApplicationContext.java:542)
	at org.springframework.boot.context.embedded.EmbeddedWebApplicationContext.refresh(EmbeddedWebApplicationContext.java:124)
	at org.springframework.boot.SpringApplication.refresh(SpringApplication.java:693)
	at org.springframework.boot.SpringApplication.refreshContext(SpringApplication.java:360)
	at org.springframework.boot.SpringApplication.run(SpringApplication.java:303)
	at org.springframework.boot.SpringApplication.run(SpringApplication.java:1118)
	at org.springframework.boot.SpringApplication.run(SpringApplication.java:1107)
	at com.tirmizee.RunSpringBootHibernate.main(RunSpringBootHibernate.java:10)
Caused by: javax.persistence.PersistenceException: [PersistenceUnit: default] Unable to build Hibernate SessionFactory; nested exception is org.hibernate.HibernateException: Errors in named queries: SQL_ALL_CUSTOMER
	at org.springframework.orm.jpa.AbstractEntityManagerFactoryBean.buildNativeEntityManagerFactory(AbstractEntityManagerFactoryBean.java:396)
	at org.springframework.orm.jpa.AbstractEntityManagerFactoryBean.afterPropertiesSet(AbstractEntityManagerFactoryBean.java:371)
	at org.springframework.orm.jpa.LocalContainerEntityManagerFactoryBean.afterPropertiesSet(LocalContainerEntityManagerFactoryBean.java:336)
	at org.springframework.beans.factory.support.AbstractAutowireCapableBeanFactory.invokeInitMethods(AbstractAutowireCapableBeanFactory.java:1688)
	at org.springframework.beans.factory.support.AbstractAutowireCapableBeanFactory.initializeBean(AbstractAutowireCapableBeanFactory.java:1626)
	... 16 common frames omitted
Caused by: org.hibernate.HibernateException: Errors in named queries: SQL_ALL_CUSTOMER
	at org.hibernate.internal.SessionFactoryImpl.<init>(SessionFactoryImpl.java:495)
	at org.hibernate.boot.internal.SessionFactoryBuilderImpl.build(SessionFactoryBuilderImpl.java:444)
	at org.hibernate.jpa.boot.internal.EntityManagerFactoryBuilderImpl.build(EntityManagerFactoryBuilderImpl.java:879)
	at org.springframework.orm.jpa.vendor.SpringHibernateJpaPersistenceProvider.createContainerEntityManagerFactory(SpringHibernateJpaPersistenceProvider.java:60)
	at org.springframework.orm.jpa.LocalContainerEntityManagerFactoryBean.createNativeEntityManagerFactory(LocalContainerEntityManagerFactoryBean.java:360)
	at org.springframework.orm.jpa.AbstractEntityManagerFactoryBean.buildNativeEntityManagerFactory(AbstractEntityManagerFactoryBean.java:384)
	... 20 common frames omitted

2019-07-16 00:39:05.744  INFO 16404 --- [           main] com.tirmizee.RunSpringBootHibernate      : Starting RunSpringBootHibernate on DESKTOP-HHFBQIT with PID 16404 (C:\Users\User\workspace\Spring-Boot-JPA-Hibernate\target\classes started by User in C:\Users\User\workspace\Spring-Boot-JPA-Hibernate)
2019-07-16 00:39:05.751  INFO 16404 --- [           main] com.tirmizee.RunSpringBootHibernate      : No active profile set, falling back to default profiles: default
2019-07-16 00:39:05.857  INFO 16404 --- [           main] ationConfigEmbeddedWebApplicationContext : Refreshing org.springframework.boot.context.embedded.AnnotationConfigEmbeddedWebApplicationContext@501edcf1: startup date [Tue Jul 16 00:39:05 ICT 2019]; root of context hierarchy
2019-07-16 00:39:08.267  INFO 16404 --- [           main] trationDelegate$BeanPostProcessorChecker : Bean 'org.springframework.transaction.annotation.ProxyTransactionManagementConfiguration' of type [org.springframework.transaction.annotation.ProxyTransactionManagementConfiguration$$EnhancerBySpringCGLIB$$985790bf] is not eligible for getting processed by all BeanPostProcessors (for example: not eligible for auto-proxying)
2019-07-16 00:39:09.582  INFO 16404 --- [           main] s.b.c.e.t.TomcatEmbeddedServletContainer : Tomcat initialized with port(s): 8999 (http)
2019-07-16 00:39:09.638  INFO 16404 --- [           main] o.apache.catalina.core.StandardService   : Starting service [Tomcat]
2019-07-16 00:39:09.638  INFO 16404 --- [           main] org.apache.catalina.core.StandardEngine  : Starting Servlet Engine: Apache Tomcat/8.5.40
2019-07-16 00:39:09.837  INFO 16404 --- [ost-startStop-1] o.a.c.c.C.[Tomcat].[localhost].[/]       : Initializing Spring embedded WebApplicationContext
2019-07-16 00:39:09.837  INFO 16404 --- [ost-startStop-1] o.s.web.context.ContextLoader            : Root WebApplicationContext: initialization completed in 3981 ms
2019-07-16 00:39:10.142  INFO 16404 --- [ost-startStop-1] o.s.b.w.servlet.ServletRegistrationBean  : Mapping servlet: 'dispatcherServlet' to [/]
2019-07-16 00:39:10.148  INFO 16404 --- [ost-startStop-1] o.s.b.w.servlet.FilterRegistrationBean   : Mapping filter: 'characterEncodingFilter' to: [/*]
2019-07-16 00:39:10.149  INFO 16404 --- [ost-startStop-1] o.s.b.w.servlet.FilterRegistrationBean   : Mapping filter: 'hiddenHttpMethodFilter' to: [/*]
2019-07-16 00:39:10.149  INFO 16404 --- [ost-startStop-1] o.s.b.w.servlet.FilterRegistrationBean   : Mapping filter: 'httpPutFormContentFilter' to: [/*]
2019-07-16 00:39:10.149  INFO 16404 --- [ost-startStop-1] o.s.b.w.servlet.FilterRegistrationBean   : Mapping filter: 'requestContextFilter' to: [/*]
2019-07-16 00:39:10.584  INFO 16404 --- [           main] com.zaxxer.hikari.HikariDataSource       : TirmizeePool - Started.
2019-07-16 00:39:12.134  INFO 16404 --- [           main] j.LocalContainerEntityManagerFactoryBean : Building JPA container EntityManagerFactory for persistence unit 'default'
2019-07-16 00:39:12.226  INFO 16404 --- [           main] o.hibernate.jpa.internal.util.LogHelper  : HHH000204: Processing PersistenceUnitInfo [
	name: default
	...]
2019-07-16 00:39:12.424  INFO 16404 --- [           main] org.hibernate.Version                    : HHH000412: Hibernate Core {5.0.12.Final}
2019-07-16 00:39:12.427  INFO 16404 --- [           main] org.hibernate.cfg.Environment            : HHH000206: hibernate.properties not found
2019-07-16 00:39:12.433  INFO 16404 --- [           main] org.hibernate.cfg.Environment            : HHH000021: Bytecode provider name : javassist
2019-07-16 00:39:12.544  INFO 16404 --- [           main] o.hibernate.annotations.common.Version   : HCANN000001: Hibernate Commons Annotations {5.0.1.Final}
2019-07-16 00:39:15.318  INFO 16404 --- [           main] org.hibernate.dialect.Dialect            : HHH000400: Using dialect: com.tirmizee.core.hibernate.dialect.OracleDialect
2019-07-16 00:39:16.030  WARN 16404 --- [           main] org.hibernate.orm.deprecation            : HHH90000014: Found use of deprecated [org.hibernate.id.SequenceHiLoGenerator] sequence-based id generator; use org.hibernate.id.enhanced.SequenceStyleGenerator instead.  See Hibernate Domain Model Mapping Guide for details.
2019-07-16 00:39:16.035  WARN 16404 --- [           main] org.hibernate.orm.deprecation            : HHH90000014: Found use of deprecated [org.hibernate.id.SequenceHiLoGenerator] sequence-based id generator; use org.hibernate.id.enhanced.SequenceStyleGenerator instead.  See Hibernate Domain Model Mapping Guide for details.
2019-07-16 00:39:16.716  INFO 16404 --- [           main] o.h.h.i.QueryTranslatorFactoryInitiator  : HHH000397: Using ASTQueryTranslatorFactory
2019-07-16 00:39:17.025  INFO 16404 --- [           main] j.LocalContainerEntityManagerFactoryBean : Initialized JPA EntityManagerFactory for persistence unit 'default'
2019-07-16 00:39:17.836  INFO 16404 --- [           main] org.dozer.config.GlobalSettings          : Trying to find Dozer configuration file: dozer.properties
2019-07-16 00:39:17.847  WARN 16404 --- [           main] org.dozer.config.GlobalSettings          : Dozer configuration file not found: dozer.properties.  Using defaults for all Dozer global properties.
2019-07-16 00:39:17.851  INFO 16404 --- [           main] org.dozer.DozerInitializer               : Initializing Dozer. Version: 5.5.0, Thread Name: main
2019-07-16 00:39:17.856  INFO 16404 --- [           main] org.dozer.jmx.JMXPlatformImpl            : Dozer JMX MBean [org.dozer.jmx:type=DozerStatisticsController] auto registered with the Platform MBean Server
2019-07-16 00:39:17.862  INFO 16404 --- [           main] org.dozer.jmx.JMXPlatformImpl            : Dozer JMX MBean [org.dozer.jmx:type=DozerAdminController] auto registered with the Platform MBean Server
2019-07-16 00:39:17.864  INFO 16404 --- [           main] org.dozer.DozerBeanMapper                : Initializing a new instance of dozer bean mapper.
2019-07-16 00:39:19.006  INFO 16404 --- [           main] s.w.s.m.m.a.RequestMappingHandlerAdapter : Looking for @ControllerAdvice: org.springframework.boot.context.embedded.AnnotationConfigEmbeddedWebApplicationContext@501edcf1: startup date [Tue Jul 16 00:39:05 ICT 2019]; root of context hierarchy
2019-07-16 00:39:19.451  INFO 16404 --- [           main] s.w.s.m.m.a.RequestMappingHandlerMapping : Mapped "{[/custormer/update],methods=[POST]}" onto public com.tirmizee.dto.CustomerDTO com.tirmizee.api.CustomerApiController.update(com.tirmizee.dto.CustomerDTO)
2019-07-16 00:39:19.453  INFO 16404 --- [           main] s.w.s.m.m.a.RequestMappingHandlerMapping : Mapped "{[/custormer/delete/{customerId}],methods=[GET]}" onto public com.tirmizee.dto.CustomerDTO com.tirmizee.api.CustomerApiController.update(java.lang.Integer)
2019-07-16 00:39:19.453  INFO 16404 --- [           main] s.w.s.m.m.a.RequestMappingHandlerMapping : Mapped "{[/custormer/create],methods=[POST]}" onto public com.tirmizee.dto.CustomerDTO com.tirmizee.api.CustomerApiController.create(com.tirmizee.dto.CustomerDTO)
2019-07-16 00:39:19.454  INFO 16404 --- [           main] s.w.s.m.m.a.RequestMappingHandlerMapping : Mapped "{[/custormer/find/all],methods=[GET]}" onto public java.util.List<com.tirmizee.dto.CustomerDTO> com.tirmizee.api.CustomerApiController.findAll()
2019-07-16 00:39:19.454  INFO 16404 --- [           main] s.w.s.m.m.a.RequestMappingHandlerMapping : Mapped "{[/custormer/hql/all],methods=[GET]}" onto public java.util.List<com.tirmizee.dto.CustomerDTO> com.tirmizee.api.CustomerApiController.hqlAll()
2019-07-16 00:39:19.454  INFO 16404 --- [           main] s.w.s.m.m.a.RequestMappingHandlerMapping : Mapped "{[/custormer/sql/all],methods=[GET]}" onto public java.util.List<com.tirmizee.dto.CustomerDTO> com.tirmizee.api.CustomerApiController.sqlAll()
2019-07-16 00:39:19.461  INFO 16404 --- [           main] s.w.s.m.m.a.RequestMappingHandlerMapping : Mapped "{[/dept/update],methods=[POST]}" onto public com.tirmizee.dto.Response<com.tirmizee.dto.DeptDTO> com.tirmizee.api.DeptApiControllor.update(com.tirmizee.dto.DeptDTO)
2019-07-16 00:39:19.461  INFO 16404 --- [           main] s.w.s.m.m.a.RequestMappingHandlerMapping : Mapped "{[/dept/delete/{deptno}],methods=[GET]}" onto public com.tirmizee.dto.Response<java.lang.Object> com.tirmizee.api.DeptApiControllor.delete(java.lang.Integer)
2019-07-16 00:39:19.462  INFO 16404 --- [           main] s.w.s.m.m.a.RequestMappingHandlerMapping : Mapped "{[/dept/create],methods=[POST]}" onto public com.tirmizee.dto.Response<com.tirmizee.dto.DeptDTO> com.tirmizee.api.DeptApiControllor.create(com.tirmizee.dto.DeptDTO)
2019-07-16 00:39:19.462  INFO 16404 --- [           main] s.w.s.m.m.a.RequestMappingHandlerMapping : Mapped "{[/dept/loc/{loc}],methods=[GET]}" onto public java.util.List<com.tirmizee.dto.DeptDTO> com.tirmizee.api.DeptApiControllor.all(java.lang.String)
2019-07-16 00:39:19.462  INFO 16404 --- [           main] s.w.s.m.m.a.RequestMappingHandlerMapping : Mapped "{[/dept/find/all],methods=[GET]}" onto public java.util.List<com.tirmizee.dto.DeptDTO> com.tirmizee.api.DeptApiControllor.findAll()
2019-07-16 00:39:19.463  INFO 16404 --- [           main] s.w.s.m.m.a.RequestMappingHandlerMapping : Mapped "{[/dept/page],methods=[GET]}" onto public org.springframework.data.domain.Page<com.tirmizee.dto.DeptDTO> com.tirmizee.api.DeptApiControllor.page()
2019-07-16 00:39:19.463  INFO 16404 --- [           main] s.w.s.m.m.a.RequestMappingHandlerMapping : Mapped "{[/dept/findone/{id}],methods=[GET]}" onto public com.tirmizee.jpa.entities.DemoDept com.tirmizee.api.DeptApiControllor.findone(java.lang.Integer)
2019-07-16 00:39:19.463  INFO 16404 --- [           main] s.w.s.m.m.a.RequestMappingHandlerMapping : Mapped "{[/dept/dname/{dname}],methods=[GET]}" onto public java.util.List<com.tirmizee.dto.DeptDTO> com.tirmizee.api.DeptApiControllor.dname(java.lang.String)
2019-07-16 00:39:19.464  INFO 16404 --- [           main] s.w.s.m.m.a.RequestMappingHandlerMapping : Mapped "{[/dept/find/sort],methods=[GET]}" onto public java.util.List<com.tirmizee.dto.DeptDTO> com.tirmizee.api.DeptApiControllor.findAndSort()
2019-07-16 00:39:19.464  INFO 16404 --- [           main] s.w.s.m.m.a.RequestMappingHandlerMapping : Mapped "{[/dept/getone/{id}],methods=[GET]}" onto public com.tirmizee.jpa.entities.DemoDept com.tirmizee.api.DeptApiControllor.getone(java.lang.Integer)
2019-07-16 00:39:19.464  INFO 16404 --- [           main] s.w.s.m.m.a.RequestMappingHandlerMapping : Mapped "{[/dept/dao/criteria],methods=[POST]}" onto public java.util.List<com.tirmizee.dto.DeptDTO> com.tirmizee.api.DeptApiControllor.dao(com.tirmizee.dto.DeptDTO)
2019-07-16 00:39:19.482  INFO 16404 --- [           main] s.w.s.m.m.a.RequestMappingHandlerMapping : Mapped "{[/member/create],methods=[POST]}" onto public com.tirmizee.dto.Response<com.tirmizee.dto.MemberDTO> com.tirmizee.api.MemberApiController.create(com.tirmizee.dto.MemberDTO)
2019-07-16 00:39:19.485  INFO 16404 --- [           main] s.w.s.m.m.a.RequestMappingHandlerMapping : Mapped "{[/member/find/all],methods=[GET]}" onto public java.util.List<com.tirmizee.dto.MemberDTO> com.tirmizee.api.MemberApiController.findAll()
2019-07-16 00:39:19.487  INFO 16404 --- [           main] s.w.s.m.m.a.RequestMappingHandlerMapping : Mapped "{[/member/get/{memberId}],methods=[GET]}" onto public com.tirmizee.dto.MemberDTO com.tirmizee.api.MemberApiController.getMember(java.lang.Integer)
2019-07-16 00:39:19.487  INFO 16404 --- [           main] s.w.s.m.m.a.RequestMappingHandlerMapping : Mapped "{[/member/codeis/{code}],methods=[GET]}" onto public com.tirmizee.dto.MemberDTO com.tirmizee.api.MemberApiController.getByMemberCodeIs(java.lang.String)
2019-07-16 00:39:19.488  INFO 16404 --- [           main] s.w.s.m.m.a.RequestMappingHandlerMapping : Mapped "{[/member/codeequals/{code}],methods=[GET]}" onto public com.tirmizee.dto.MemberDTO com.tirmizee.api.MemberApiController.getByMemberCodeEquals(java.lang.String)
2019-07-16 00:39:19.488  INFO 16404 --- [           main] s.w.s.m.m.a.RequestMappingHandlerMapping : Mapped "{[/member/activefalse],methods=[GET]}" onto public java.util.List<com.tirmizee.dto.MemberDTO> com.tirmizee.api.MemberApiController.findByActiveFalse()
2019-07-16 00:39:19.489  INFO 16404 --- [           main] s.w.s.m.m.a.RequestMappingHandlerMapping : Mapped "{[/member/username/{username}],methods=[GET]}" onto public java.util.List<com.tirmizee.dto.MemberDTO> com.tirmizee.api.MemberApiController.findByDemoUserUserName(java.lang.String)
2019-07-16 00:39:19.489  INFO 16404 --- [           main] s.w.s.m.m.a.RequestMappingHandlerMapping : Mapped "{[/member/codeorname/{code}/{name}],methods=[GET]}" onto public java.util.List<com.tirmizee.dto.MemberDTO> com.tirmizee.api.MemberApiController.findByMemberCodeOrName(java.lang.String,java.lang.String)
2019-07-16 00:39:19.490  INFO 16404 --- [           main] s.w.s.m.m.a.RequestMappingHandlerMapping : Mapped "{[/member/scoreisnotnull],methods=[GET]}" onto public java.util.List<com.tirmizee.dto.MemberDTO> com.tirmizee.api.MemberApiController.findByScoreIsNotNull()
2019-07-16 00:39:19.490  INFO 16404 --- [           main] s.w.s.m.m.a.RequestMappingHandlerMapping : Mapped "{[/member/nameendingwith/{name}],methods=[GET]}" onto public java.util.List<com.tirmizee.dto.MemberDTO> com.tirmizee.api.MemberApiController.findByMemberNameEndingWith(java.lang.String)
2019-07-16 00:39:19.490  INFO 16404 --- [           main] s.w.s.m.m.a.RequestMappingHandlerMapping : Mapped "{[/member/scoregreater/{score}],methods=[GET]}" onto public java.util.List<com.tirmizee.dto.MemberDTO> com.tirmizee.api.MemberApiController.findByScoreGreaterThan(java.lang.Integer)
2019-07-16 00:39:19.491  INFO 16404 --- [           main] s.w.s.m.m.a.RequestMappingHandlerMapping : Mapped "{[/member/scoreless/{score}],methods=[GET]}" onto public java.util.List<com.tirmizee.dto.MemberDTO> com.tirmizee.api.MemberApiController.findByScoreLessThan(java.lang.Integer)
2019-07-16 00:39:19.491  INFO 16404 --- [           main] s.w.s.m.m.a.RequestMappingHandlerMapping : Mapped "{[/member/scoreisnull],methods=[GET]}" onto public java.util.List<com.tirmizee.dto.MemberDTO> com.tirmizee.api.MemberApiController.findByScoreIsNull()
2019-07-16 00:39:19.492  INFO 16404 --- [           main] s.w.s.m.m.a.RequestMappingHandlerMapping : Mapped "{[/member/codeandname/{code}/{name}],methods=[GET]}" onto public com.tirmizee.dto.MemberDTO com.tirmizee.api.MemberApiController.getByMemberCodeAndName(java.lang.String,java.lang.String)
2019-07-16 00:39:19.492  INFO 16404 --- [           main] s.w.s.m.m.a.RequestMappingHandlerMapping : Mapped "{[/member/namestartingwith/{name}],methods=[GET]}" onto public java.util.List<com.tirmizee.dto.MemberDTO> com.tirmizee.api.MemberApiController.findByMemberNameStartingWith(java.lang.String)
2019-07-16 00:39:19.493  INFO 16404 --- [           main] s.w.s.m.m.a.RequestMappingHandlerMapping : Mapped "{[/member/createdate/between],methods=[GET]}" onto public java.util.List<com.tirmizee.dto.MemberDTO> com.tirmizee.api.MemberApiController.findByMemberNameLike()
2019-07-16 00:39:19.493  INFO 16404 --- [           main] s.w.s.m.m.a.RequestMappingHandlerMapping : Mapped "{[/member/namelike/{name}],methods=[GET]}" onto public java.util.List<com.tirmizee.dto.MemberDTO> com.tirmizee.api.MemberApiController.findByMemberNameLike(java.lang.String)
2019-07-16 00:39:19.493  INFO 16404 --- [           main] s.w.s.m.m.a.RequestMappingHandlerMapping : Mapped "{[/member/codenot/{code}],methods=[GET]}" onto public java.util.List<com.tirmizee.dto.MemberDTO> com.tirmizee.api.MemberApiController.findByMemberCodeNot(java.lang.String)
2019-07-16 00:39:19.494  INFO 16404 --- [           main] s.w.s.m.m.a.RequestMappingHandlerMapping : Mapped "{[/member/page/{page}/{size}],methods=[GET]}" onto public org.springframework.data.domain.Page<com.tirmizee.dto.MemberDTO> com.tirmizee.api.MemberApiController.findByMemberDatailEmailContaining(int,int)
2019-07-16 00:39:19.494  INFO 16404 --- [           main] s.w.s.m.m.a.RequestMappingHandlerMapping : Mapped "{[/member/email/{email}],methods=[GET]}" onto public java.util.List<com.tirmizee.dto.MemberDTO> com.tirmizee.api.MemberApiController.findByMemberDatailEmailContaining(java.lang.String)
2019-07-16 00:39:19.495  INFO 16404 --- [           main] s.w.s.m.m.a.RequestMappingHandlerMapping : Mapped "{[/member/codes/{code}/desc],methods=[GET]}" onto public java.util.List<com.tirmizee.dto.MemberDTO> com.tirmizee.api.MemberApiController.findByMemberCodeOrderByMemberCodeDesc(java.lang.String)
2019-07-16 00:39:19.495  INFO 16404 --- [           main] s.w.s.m.m.a.RequestMappingHandlerMapping : Mapped "{[/member/codesdesc/{code}],methods=[GET]}" onto public java.util.List<com.tirmizee.dto.MemberDTO> com.tirmizee.api.MemberApiController.findByMemberCodeAndScoreIsNotNullOrderBy(java.lang.String)
2019-07-16 00:39:19.495  INFO 16404 --- [           main] s.w.s.m.m.a.RequestMappingHandlerMapping : Mapped "{[/member/page/{code}],methods=[GET]}" onto public org.springframework.data.domain.Page<com.tirmizee.dto.MemberDTO> com.tirmizee.api.MemberApiController.page(java.lang.String)
2019-07-16 00:39:19.496  INFO 16404 --- [           main] s.w.s.m.m.a.RequestMappingHandlerMapping : Mapped "{[/member/page],methods=[POST]}" onto public org.springframework.data.domain.Page<com.tirmizee.dto.MemberDTO> com.tirmizee.api.MemberApiController.page(com.tirmizee.dto.MemberDTO)
2019-07-16 00:39:19.497  INFO 16404 --- [           main] s.w.s.m.m.a.RequestMappingHandlerMapping : Mapped "{[/member/findbyuser],methods=[POST]}" onto public java.util.List<com.tirmizee.dto.MemberDTO> com.tirmizee.api.MemberApiController.findByUser(com.tirmizee.dto.UserDTO)
2019-07-16 00:39:19.497  INFO 16404 --- [           main] s.w.s.m.m.a.RequestMappingHandlerMapping : Mapped "{[/member/scorein],methods=[GET]}" onto public java.util.List<com.tirmizee.dto.MemberDTO> com.tirmizee.api.MemberApiController.findByScoreIn()
2019-07-16 00:39:19.499  INFO 16404 --- [           main] s.w.s.m.m.a.RequestMappingHandlerMapping : Mapped "{[/member/code/{code}],methods=[GET]}" onto public com.tirmizee.dto.MemberDTO com.tirmizee.api.MemberApiController.getByMemberCode(java.lang.String)
2019-07-16 00:39:19.500  INFO 16404 --- [           main] s.w.s.m.m.a.RequestMappingHandlerMapping : Mapped "{[/member/activeture],methods=[GET]}" onto public java.util.List<com.tirmizee.dto.MemberDTO> com.tirmizee.api.MemberApiController.findByActiveTrue()
2019-07-16 00:39:19.502  INFO 16404 --- [           main] s.w.s.m.m.a.RequestMappingHandlerMapping : Mapped "{[/member/codes/{code}],methods=[GET]}" onto public java.util.List<com.tirmizee.dto.MemberDTO> com.tirmizee.api.MemberApiController.findByMemberCode(java.lang.String)
2019-07-16 00:39:19.503  INFO 16404 --- [           main] s.w.s.m.m.a.RequestMappingHandlerMapping : Mapped "{[/member/delete/{memberId}],methods=[GET]}" onto public com.tirmizee.dto.Response<java.lang.Object> com.tirmizee.api.MemberApiController.deleteMember(java.lang.Integer)
2019-07-16 00:39:19.508  INFO 16404 --- [           main] s.w.s.m.m.a.RequestMappingHandlerMapping : Mapped "{[/user/test],methods=[GET]}" onto public java.lang.String com.tirmizee.api.UserApiController.test()
2019-07-16 00:39:19.527  INFO 16404 --- [           main] s.w.s.m.m.a.RequestMappingHandlerMapping : Mapped "{[/error]}" onto public org.springframework.http.ResponseEntity<java.util.Map<java.lang.String, java.lang.Object>> org.springframework.boot.autoconfigure.web.BasicErrorController.error(javax.servlet.http.HttpServletRequest)
2019-07-16 00:39:19.529  INFO 16404 --- [           main] s.w.s.m.m.a.RequestMappingHandlerMapping : Mapped "{[/error],produces=[text/html]}" onto public org.springframework.web.servlet.ModelAndView org.springframework.boot.autoconfigure.web.BasicErrorController.errorHtml(javax.servlet.http.HttpServletRequest,javax.servlet.http.HttpServletResponse)
2019-07-16 00:39:19.597  INFO 16404 --- [           main] o.s.w.s.handler.SimpleUrlHandlerMapping  : Mapped URL path [/webjars/**] onto handler of type [class org.springframework.web.servlet.resource.ResourceHttpRequestHandler]
2019-07-16 00:39:19.598  INFO 16404 --- [           main] o.s.w.s.handler.SimpleUrlHandlerMapping  : Mapped URL path [/**] onto handler of type [class org.springframework.web.servlet.resource.ResourceHttpRequestHandler]
2019-07-16 00:39:19.718  INFO 16404 --- [           main] o.s.w.s.handler.SimpleUrlHandlerMapping  : Mapped URL path [/**/favicon.ico] onto handler of type [class org.springframework.web.servlet.resource.ResourceHttpRequestHandler]
2019-07-16 00:39:20.429  INFO 16404 --- [           main] o.s.j.e.a.AnnotationMBeanExporter        : Registering beans for JMX exposure on startup
2019-07-16 00:39:20.437  INFO 16404 --- [           main] o.s.j.e.a.AnnotationMBeanExporter        : Bean with name 'dataSource' has been autodetected for JMX exposure
2019-07-16 00:39:20.445  INFO 16404 --- [           main] o.s.j.e.a.AnnotationMBeanExporter        : Located MBean 'dataSource': registering with JMX server as MBean [com.zaxxer.hikari:name=dataSource,type=HikariDataSource]
2019-07-16 00:39:20.552  INFO 16404 --- [           main] s.b.c.e.t.TomcatEmbeddedServletContainer : Tomcat started on port(s): 8999 (http)
2019-07-16 00:39:20.560  INFO 16404 --- [           main] com.tirmizee.RunSpringBootHibernate      : Started RunSpringBootHibernate in 15.355 seconds (JVM running for 16.654)
2019-07-16 00:39:39.359  INFO 16404 --- [nio-8999-exec-1] o.a.c.c.C.[Tomcat].[localhost].[/]       : Initializing Spring FrameworkServlet 'dispatcherServlet'
2019-07-16 00:39:39.360  INFO 16404 --- [nio-8999-exec-1] o.s.web.servlet.DispatcherServlet        : FrameworkServlet 'dispatcherServlet': initialization started
2019-07-16 00:39:39.411  INFO 16404 --- [nio-8999-exec-1] o.s.web.servlet.DispatcherServlet        : FrameworkServlet 'dispatcherServlet': initialization completed in 51 ms
2019-07-16 00:39:39.511 DEBUG 16404 --- [nio-8999-exec-1] org.hibernate.SQL                        : 
    /* SQL_ALL_CUSTOMER */ SELECT
        * 
    FROM
        DEMO_CUSTOMER
2019-07-16 00:39:41.485 DEBUG 16404 --- [nio-8999-exec-2] org.hibernate.SQL                        : 
    /* SQL_ALL_CUSTOMER */ SELECT
        * 
    FROM
        DEMO_CUSTOMER
