2019-07-14 23:51:47.335  INFO 1632 --- [           main] com.tirmizee.RunSpringBootHibernate      : Starting RunSpringBootHibernate on DESKTOP-HHFBQIT with PID 1632 (C:\Users\User\workspace\Spring-Boot-JPA-Hibernate\target\classes started by User in C:\Users\User\workspace\Spring-Boot-JPA-Hibernate)
2019-07-14 23:51:47.340  INFO 1632 --- [           main] com.tirmizee.RunSpringBootHibernate      : No active profile set, falling back to default profiles: default
2019-07-14 23:51:47.476  INFO 1632 --- [           main] ationConfigEmbeddedWebApplicationContext : Refreshing org.springframework.boot.context.embedded.AnnotationConfigEmbeddedWebApplicationContext@501edcf1: startup date [Sun Jul 14 23:51:47 ICT 2019]; root of context hierarchy
2019-07-14 23:51:49.881  INFO 1632 --- [           main] trationDelegate$BeanPostProcessorChecker : Bean 'org.springframework.transaction.annotation.ProxyTransactionManagementConfiguration' of type [org.springframework.transaction.annotation.ProxyTransactionManagementConfiguration$$EnhancerBySpringCGLIB$$cf8bc7ed] is not eligible for getting processed by all BeanPostProcessors (for example: not eligible for auto-proxying)
2019-07-14 23:51:51.165  INFO 1632 --- [           main] s.b.c.e.t.TomcatEmbeddedServletContainer : Tomcat initialized with port(s): 8999 (http)
2019-07-14 23:51:51.224  INFO 1632 --- [           main] o.apache.catalina.core.StandardService   : Starting service [Tomcat]
2019-07-14 23:51:51.225  INFO 1632 --- [           main] org.apache.catalina.core.StandardEngine  : Starting Servlet Engine: Apache Tomcat/8.5.40
2019-07-14 23:51:51.420  INFO 1632 --- [ost-startStop-1] o.a.c.c.C.[Tomcat].[localhost].[/]       : Initializing Spring embedded WebApplicationContext
2019-07-14 23:51:51.420  INFO 1632 --- [ost-startStop-1] o.s.web.context.ContextLoader            : Root WebApplicationContext: initialization completed in 3944 ms
2019-07-14 23:51:51.689  INFO 1632 --- [ost-startStop-1] o.s.b.w.servlet.ServletRegistrationBean  : Mapping servlet: 'dispatcherServlet' to [/]
2019-07-14 23:51:51.692  INFO 1632 --- [ost-startStop-1] o.s.b.w.servlet.FilterRegistrationBean   : Mapping filter: 'characterEncodingFilter' to: [/*]
2019-07-14 23:51:51.693  INFO 1632 --- [ost-startStop-1] o.s.b.w.servlet.FilterRegistrationBean   : Mapping filter: 'hiddenHttpMethodFilter' to: [/*]
2019-07-14 23:51:51.694  INFO 1632 --- [ost-startStop-1] o.s.b.w.servlet.FilterRegistrationBean   : Mapping filter: 'httpPutFormContentFilter' to: [/*]
2019-07-14 23:51:51.694  INFO 1632 --- [ost-startStop-1] o.s.b.w.servlet.FilterRegistrationBean   : Mapping filter: 'requestContextFilter' to: [/*]
2019-07-14 23:51:52.338  INFO 1632 --- [           main] com.zaxxer.hikari.HikariDataSource       : TirmizeePool - Started.
2019-07-14 23:51:53.879  INFO 1632 --- [           main] j.LocalContainerEntityManagerFactoryBean : Building JPA container EntityManagerFactory for persistence unit 'default'
2019-07-14 23:51:53.910  INFO 1632 --- [           main] o.hibernate.jpa.internal.util.LogHelper  : HHH000204: Processing PersistenceUnitInfo [
	name: default
	...]
2019-07-14 23:51:54.085  INFO 1632 --- [           main] org.hibernate.Version                    : HHH000412: Hibernate Core {5.0.12.Final}
2019-07-14 23:51:54.088  INFO 1632 --- [           main] org.hibernate.cfg.Environment            : HHH000206: hibernate.properties not found
2019-07-14 23:51:54.090  INFO 1632 --- [           main] org.hibernate.cfg.Environment            : HHH000021: Bytecode provider name : javassist
2019-07-14 23:51:54.165  INFO 1632 --- [           main] o.hibernate.annotations.common.Version   : HCANN000001: Hibernate Commons Annotations {5.0.1.Final}
2019-07-14 23:51:54.401  INFO 1632 --- [           main] org.hibernate.dialect.Dialect            : HHH000400: Using dialect: com.tirmizee.core.hibernate.dialect.OracleDialect
2019-07-14 23:51:54.936  WARN 1632 --- [           main] org.hibernate.orm.deprecation            : HHH90000014: Found use of deprecated [org.hibernate.id.SequenceHiLoGenerator] sequence-based id generator; use org.hibernate.id.enhanced.SequenceStyleGenerator instead.  See Hibernate Domain Model Mapping Guide for details.
2019-07-14 23:51:54.942  WARN 1632 --- [           main] org.hibernate.orm.deprecation            : HHH90000014: Found use of deprecated [org.hibernate.id.SequenceHiLoGenerator] sequence-based id generator; use org.hibernate.id.enhanced.SequenceStyleGenerator instead.  See Hibernate Domain Model Mapping Guide for details.
2019-07-14 23:51:55.605  INFO 1632 --- [           main] j.LocalContainerEntityManagerFactoryBean : Initialized JPA EntityManagerFactory for persistence unit 'default'
2019-07-14 23:51:56.335  INFO 1632 --- [           main] o.h.h.i.QueryTranslatorFactoryInitiator  : HHH000397: Using ASTQueryTranslatorFactory
2019-07-14 23:51:56.575  INFO 1632 --- [           main] org.dozer.config.GlobalSettings          : Trying to find Dozer configuration file: dozer.properties
2019-07-14 23:51:56.586  WARN 1632 --- [           main] org.dozer.config.GlobalSettings          : Dozer configuration file not found: dozer.properties.  Using defaults for all Dozer global properties.
2019-07-14 23:51:56.590  INFO 1632 --- [           main] org.dozer.DozerInitializer               : Initializing Dozer. Version: 5.5.0, Thread Name: main
2019-07-14 23:51:56.595  INFO 1632 --- [           main] org.dozer.jmx.JMXPlatformImpl            : Dozer JMX MBean [org.dozer.jmx:type=DozerStatisticsController] auto registered with the Platform MBean Server
2019-07-14 23:51:56.596  INFO 1632 --- [           main] org.dozer.jmx.JMXPlatformImpl            : Dozer JMX MBean [org.dozer.jmx:type=DozerAdminController] auto registered with the Platform MBean Server
2019-07-14 23:51:56.598  INFO 1632 --- [           main] org.dozer.DozerBeanMapper                : Initializing a new instance of dozer bean mapper.
2019-07-14 23:51:57.475  INFO 1632 --- [           main] s.w.s.m.m.a.RequestMappingHandlerAdapter : Looking for @ControllerAdvice: org.springframework.boot.context.embedded.AnnotationConfigEmbeddedWebApplicationContext@501edcf1: startup date [Sun Jul 14 23:51:47 ICT 2019]; root of context hierarchy
2019-07-14 23:51:57.652  INFO 1632 --- [           main] s.w.s.m.m.a.RequestMappingHandlerMapping : Mapped "{[/custormer/update],methods=[POST]}" onto public com.tirmizee.backend.dto.CustomerDTO com.tirmizee.backend.api.CustomerApiController.update(com.tirmizee.backend.dto.CustomerDTO)
2019-07-14 23:51:57.654  INFO 1632 --- [           main] s.w.s.m.m.a.RequestMappingHandlerMapping : Mapped "{[/custormer/delete/{customerId}],methods=[GET]}" onto public com.tirmizee.backend.dto.CustomerDTO com.tirmizee.backend.api.CustomerApiController.update(java.lang.Integer)
2019-07-14 23:51:57.654  INFO 1632 --- [           main] s.w.s.m.m.a.RequestMappingHandlerMapping : Mapped "{[/custormer/create],methods=[POST]}" onto public com.tirmizee.backend.dto.CustomerDTO com.tirmizee.backend.api.CustomerApiController.create(com.tirmizee.backend.dto.CustomerDTO)
2019-07-14 23:51:57.655  INFO 1632 --- [           main] s.w.s.m.m.a.RequestMappingHandlerMapping : Mapped "{[/custormer/find/all],methods=[GET]}" onto public java.util.List<com.tirmizee.backend.dto.CustomerDTO> com.tirmizee.backend.api.CustomerApiController.findAll()
2019-07-14 23:51:57.655  INFO 1632 --- [           main] s.w.s.m.m.a.RequestMappingHandlerMapping : Mapped "{[/custormer/email/{email}],methods=[GET]}" onto public java.util.List<com.tirmizee.backend.dto.CustomerDTO> com.tirmizee.backend.api.CustomerApiController.findByEmail(java.lang.String)
2019-07-14 23:51:57.663  INFO 1632 --- [           main] s.w.s.m.m.a.RequestMappingHandlerMapping : Mapped "{[/dept/update],methods=[POST]}" onto public com.tirmizee.backend.dto.Response<com.tirmizee.backend.dto.DeptDTO> com.tirmizee.backend.api.DeptApiControllor.update(com.tirmizee.backend.dto.DeptDTO)
2019-07-14 23:51:57.663  INFO 1632 --- [           main] s.w.s.m.m.a.RequestMappingHandlerMapping : Mapped "{[/dept/delete/{deptno}],methods=[GET]}" onto public com.tirmizee.backend.dto.Response<java.lang.Object> com.tirmizee.backend.api.DeptApiControllor.delete(java.lang.Integer)
2019-07-14 23:51:57.664  INFO 1632 --- [           main] s.w.s.m.m.a.RequestMappingHandlerMapping : Mapped "{[/dept/create],methods=[POST]}" onto public com.tirmizee.backend.dto.Response<com.tirmizee.backend.dto.DeptDTO> com.tirmizee.backend.api.DeptApiControllor.create(com.tirmizee.backend.dto.DeptDTO)
2019-07-14 23:51:57.665  INFO 1632 --- [           main] s.w.s.m.m.a.RequestMappingHandlerMapping : Mapped "{[/dept/loc/{loc}],methods=[GET]}" onto public java.util.List<com.tirmizee.backend.dto.DeptDTO> com.tirmizee.backend.api.DeptApiControllor.all(java.lang.String)
2019-07-14 23:51:57.665  INFO 1632 --- [           main] s.w.s.m.m.a.RequestMappingHandlerMapping : Mapped "{[/dept/page],methods=[GET]}" onto public org.springframework.data.domain.Page<com.tirmizee.backend.dto.DeptDTO> com.tirmizee.backend.api.DeptApiControllor.page()
2019-07-14 23:51:57.666  INFO 1632 --- [           main] s.w.s.m.m.a.RequestMappingHandlerMapping : Mapped "{[/dept/find/all],methods=[GET]}" onto public java.util.List<com.tirmizee.backend.dto.DeptDTO> com.tirmizee.backend.api.DeptApiControllor.findAll()
2019-07-14 23:51:57.667  INFO 1632 --- [           main] s.w.s.m.m.a.RequestMappingHandlerMapping : Mapped "{[/dept/dao/criteria],methods=[POST]}" onto public java.util.List<com.tirmizee.backend.dto.DeptDTO> com.tirmizee.backend.api.DeptApiControllor.dao(com.tirmizee.backend.dto.DeptDTO)
2019-07-14 23:51:57.668  INFO 1632 --- [           main] s.w.s.m.m.a.RequestMappingHandlerMapping : Mapped "{[/dept/find/sort],methods=[GET]}" onto public java.util.List<com.tirmizee.backend.dto.DeptDTO> com.tirmizee.backend.api.DeptApiControllor.findAndSort()
2019-07-14 23:51:57.669  INFO 1632 --- [           main] s.w.s.m.m.a.RequestMappingHandlerMapping : Mapped "{[/dept/findone/{id}],methods=[GET]}" onto public com.tirmizee.jpa.entities.DemoDept com.tirmizee.backend.api.DeptApiControllor.findone(java.lang.Integer)
2019-07-14 23:51:57.669  INFO 1632 --- [           main] s.w.s.m.m.a.RequestMappingHandlerMapping : Mapped "{[/dept/getone/{id}],methods=[GET]}" onto public com.tirmizee.jpa.entities.DemoDept com.tirmizee.backend.api.DeptApiControllor.getone(java.lang.Integer)
2019-07-14 23:51:57.670  INFO 1632 --- [           main] s.w.s.m.m.a.RequestMappingHandlerMapping : Mapped "{[/dept/dname/{dname}],methods=[GET]}" onto public java.util.List<com.tirmizee.backend.dto.DeptDTO> com.tirmizee.backend.api.DeptApiControllor.dname(java.lang.String)
2019-07-14 23:51:57.692  INFO 1632 --- [           main] s.w.s.m.m.a.RequestMappingHandlerMapping : Mapped "{[/member/create],methods=[POST]}" onto public com.tirmizee.backend.dto.Response<com.tirmizee.backend.dto.MemberDTO> com.tirmizee.backend.api.MemberApiController.create(com.tirmizee.backend.dto.MemberDTO)
2019-07-14 23:51:57.693  INFO 1632 --- [           main] s.w.s.m.m.a.RequestMappingHandlerMapping : Mapped "{[/member/page/{code}],methods=[GET]}" onto public org.springframework.data.domain.Page<com.tirmizee.backend.dto.MemberDTO> com.tirmizee.backend.api.MemberApiController.page(java.lang.String)
2019-07-14 23:51:57.694  INFO 1632 --- [           main] s.w.s.m.m.a.RequestMappingHandlerMapping : Mapped "{[/member/page],methods=[POST]}" onto public org.springframework.data.domain.Page<com.tirmizee.backend.dto.MemberDTO> com.tirmizee.backend.api.MemberApiController.page(com.tirmizee.backend.dto.MemberDTO)
2019-07-14 23:51:57.694  INFO 1632 --- [           main] s.w.s.m.m.a.RequestMappingHandlerMapping : Mapped "{[/member/get/{memberId}],methods=[GET]}" onto public com.tirmizee.backend.dto.MemberDTO com.tirmizee.backend.api.MemberApiController.getMember(java.lang.Integer)
2019-07-14 23:51:57.694  INFO 1632 --- [           main] s.w.s.m.m.a.RequestMappingHandlerMapping : Mapped "{[/member/find/all],methods=[GET]}" onto public java.util.List<com.tirmizee.backend.dto.MemberDTO> com.tirmizee.backend.api.MemberApiController.findAll()
2019-07-14 23:51:57.696  INFO 1632 --- [           main] s.w.s.m.m.a.RequestMappingHandlerMapping : Mapped "{[/member/activefalse],methods=[GET]}" onto public java.util.List<com.tirmizee.backend.dto.MemberDTO> com.tirmizee.backend.api.MemberApiController.findByActiveFalse()
2019-07-14 23:51:57.697  INFO 1632 --- [           main] s.w.s.m.m.a.RequestMappingHandlerMapping : Mapped "{[/member/scoregreater/{score}],methods=[GET]}" onto public java.util.List<com.tirmizee.backend.dto.MemberDTO> com.tirmizee.backend.api.MemberApiController.findByScoreGreaterThan(java.lang.Integer)
2019-07-14 23:51:57.698  INFO 1632 --- [           main] s.w.s.m.m.a.RequestMappingHandlerMapping : Mapped "{[/member/scoreless/{score}],methods=[GET]}" onto public java.util.List<com.tirmizee.backend.dto.MemberDTO> com.tirmizee.backend.api.MemberApiController.findByScoreLessThan(java.lang.Integer)
2019-07-14 23:51:57.698  INFO 1632 --- [           main] s.w.s.m.m.a.RequestMappingHandlerMapping : Mapped "{[/member/username/{username}],methods=[GET]}" onto public java.util.List<com.tirmizee.backend.dto.MemberDTO> com.tirmizee.backend.api.MemberApiController.findByDemoUserUserName(java.lang.String)
2019-07-14 23:51:57.699  INFO 1632 --- [           main] s.w.s.m.m.a.RequestMappingHandlerMapping : Mapped "{[/member/createdate/between],methods=[GET]}" onto public java.util.List<com.tirmizee.backend.dto.MemberDTO> com.tirmizee.backend.api.MemberApiController.findByMemberNameLike()
2019-07-14 23:51:57.699  INFO 1632 --- [           main] s.w.s.m.m.a.RequestMappingHandlerMapping : Mapped "{[/member/namelike/{name}],methods=[GET]}" onto public java.util.List<com.tirmizee.backend.dto.MemberDTO> com.tirmizee.backend.api.MemberApiController.findByMemberNameLike(java.lang.String)
2019-07-14 23:51:57.700  INFO 1632 --- [           main] s.w.s.m.m.a.RequestMappingHandlerMapping : Mapped "{[/member/codeorname/{code}/{name}],methods=[GET]}" onto public java.util.List<com.tirmizee.backend.dto.MemberDTO> com.tirmizee.backend.api.MemberApiController.findByMemberCodeOrName(java.lang.String,java.lang.String)
2019-07-14 23:51:57.700  INFO 1632 --- [           main] s.w.s.m.m.a.RequestMappingHandlerMapping : Mapped "{[/member/codeis/{code}],methods=[GET]}" onto public com.tirmizee.backend.dto.MemberDTO com.tirmizee.backend.api.MemberApiController.getByMemberCodeIs(java.lang.String)
2019-07-14 23:51:57.701  INFO 1632 --- [           main] s.w.s.m.m.a.RequestMappingHandlerMapping : Mapped "{[/member/codeequals/{code}],methods=[GET]}" onto public com.tirmizee.backend.dto.MemberDTO com.tirmizee.backend.api.MemberApiController.getByMemberCodeEquals(java.lang.String)
2019-07-14 23:51:57.701  INFO 1632 --- [           main] s.w.s.m.m.a.RequestMappingHandlerMapping : Mapped "{[/member/codeandname/{code}/{name}],methods=[GET]}" onto public com.tirmizee.backend.dto.MemberDTO com.tirmizee.backend.api.MemberApiController.getByMemberCodeAndName(java.lang.String,java.lang.String)
2019-07-14 23:51:57.702  INFO 1632 --- [           main] s.w.s.m.m.a.RequestMappingHandlerMapping : Mapped "{[/member/codenot/{code}],methods=[GET]}" onto public java.util.List<com.tirmizee.backend.dto.MemberDTO> com.tirmizee.backend.api.MemberApiController.findByMemberCodeNot(java.lang.String)
2019-07-14 23:51:57.704  INFO 1632 --- [           main] s.w.s.m.m.a.RequestMappingHandlerMapping : Mapped "{[/member/nameendingwith/{name}],methods=[GET]}" onto public java.util.List<com.tirmizee.backend.dto.MemberDTO> com.tirmizee.backend.api.MemberApiController.findByMemberNameEndingWith(java.lang.String)
2019-07-14 23:51:57.707  INFO 1632 --- [           main] s.w.s.m.m.a.RequestMappingHandlerMapping : Mapped "{[/member/namestartingwith/{name}],methods=[GET]}" onto public java.util.List<com.tirmizee.backend.dto.MemberDTO> com.tirmizee.backend.api.MemberApiController.findByMemberNameStartingWith(java.lang.String)
2019-07-14 23:51:57.708  INFO 1632 --- [           main] s.w.s.m.m.a.RequestMappingHandlerMapping : Mapped "{[/member/scoreisnull],methods=[GET]}" onto public java.util.List<com.tirmizee.backend.dto.MemberDTO> com.tirmizee.backend.api.MemberApiController.findByScoreIsNull()
2019-07-14 23:51:57.709  INFO 1632 --- [           main] s.w.s.m.m.a.RequestMappingHandlerMapping : Mapped "{[/member/scoreisnotnull],methods=[GET]}" onto public java.util.List<com.tirmizee.backend.dto.MemberDTO> com.tirmizee.backend.api.MemberApiController.findByScoreIsNotNull()
2019-07-14 23:51:57.709  INFO 1632 --- [           main] s.w.s.m.m.a.RequestMappingHandlerMapping : Mapped "{[/member/codes/{code}],methods=[GET]}" onto public java.util.List<com.tirmizee.backend.dto.MemberDTO> com.tirmizee.backend.api.MemberApiController.findByMemberCode(java.lang.String)
2019-07-14 23:51:57.710  INFO 1632 --- [           main] s.w.s.m.m.a.RequestMappingHandlerMapping : Mapped "{[/member/scorein],methods=[GET]}" onto public java.util.List<com.tirmizee.backend.dto.MemberDTO> com.tirmizee.backend.api.MemberApiController.findByScoreIn()
2019-07-14 23:51:57.710  INFO 1632 --- [           main] s.w.s.m.m.a.RequestMappingHandlerMapping : Mapped "{[/member/activeture],methods=[GET]}" onto public java.util.List<com.tirmizee.backend.dto.MemberDTO> com.tirmizee.backend.api.MemberApiController.findByActiveTrue()
2019-07-14 23:51:57.711  INFO 1632 --- [           main] s.w.s.m.m.a.RequestMappingHandlerMapping : Mapped "{[/member/code/{code}],methods=[GET]}" onto public com.tirmizee.backend.dto.MemberDTO com.tirmizee.backend.api.MemberApiController.getByMemberCode(java.lang.String)
2019-07-14 23:51:57.711  INFO 1632 --- [           main] s.w.s.m.m.a.RequestMappingHandlerMapping : Mapped "{[/member/delete/{memberId}],methods=[GET]}" onto public com.tirmizee.backend.dto.Response<java.lang.Object> com.tirmizee.backend.api.MemberApiController.deleteMember(java.lang.Integer)
2019-07-14 23:51:57.712  INFO 1632 --- [           main] s.w.s.m.m.a.RequestMappingHandlerMapping : Mapped "{[/member/findbyuser],methods=[POST]}" onto public java.util.List<com.tirmizee.backend.dto.MemberDTO> com.tirmizee.backend.api.MemberApiController.findByUser(com.tirmizee.backend.dto.UserDTO)
2019-07-14 23:51:57.712  INFO 1632 --- [           main] s.w.s.m.m.a.RequestMappingHandlerMapping : Mapped "{[/member/email/{email}],methods=[GET]}" onto public java.util.List<com.tirmizee.backend.dto.MemberDTO> com.tirmizee.backend.api.MemberApiController.findByMemberDatailEmailContaining(java.lang.String)
2019-07-14 23:51:57.713  INFO 1632 --- [           main] s.w.s.m.m.a.RequestMappingHandlerMapping : Mapped "{[/member/page/{page}/{size}],methods=[GET]}" onto public org.springframework.data.domain.Page<com.tirmizee.backend.dto.MemberDTO> com.tirmizee.backend.api.MemberApiController.findByMemberDatailEmailContaining(int,int)
2019-07-14 23:51:57.713  INFO 1632 --- [           main] s.w.s.m.m.a.RequestMappingHandlerMapping : Mapped "{[/member/codes/{code}/desc],methods=[GET]}" onto public java.util.List<com.tirmizee.backend.dto.MemberDTO> com.tirmizee.backend.api.MemberApiController.findByMemberCodeOrderByMemberCodeDesc(java.lang.String)
2019-07-14 23:51:57.714  INFO 1632 --- [           main] s.w.s.m.m.a.RequestMappingHandlerMapping : Mapped "{[/member/codesdesc/{code}],methods=[GET]}" onto public java.util.List<com.tirmizee.backend.dto.MemberDTO> com.tirmizee.backend.api.MemberApiController.findByMemberCodeAndScoreIsNotNullOrderBy(java.lang.String)
2019-07-14 23:51:57.716  INFO 1632 --- [           main] s.w.s.m.m.a.RequestMappingHandlerMapping : Mapped "{[/user/test],methods=[GET]}" onto public java.lang.String com.tirmizee.backend.api.UserApiController.test()
2019-07-14 23:51:57.720  INFO 1632 --- [           main] s.w.s.m.m.a.RequestMappingHandlerMapping : Mapped "{[/error]}" onto public org.springframework.http.ResponseEntity<java.util.Map<java.lang.String, java.lang.Object>> org.springframework.boot.autoconfigure.web.BasicErrorController.error(javax.servlet.http.HttpServletRequest)
2019-07-14 23:51:57.720  INFO 1632 --- [           main] s.w.s.m.m.a.RequestMappingHandlerMapping : Mapped "{[/error],produces=[text/html]}" onto public org.springframework.web.servlet.ModelAndView org.springframework.boot.autoconfigure.web.BasicErrorController.errorHtml(javax.servlet.http.HttpServletRequest,javax.servlet.http.HttpServletResponse)
2019-07-14 23:51:57.778  INFO 1632 --- [           main] o.s.w.s.handler.SimpleUrlHandlerMapping  : Mapped URL path [/webjars/**] onto handler of type [class org.springframework.web.servlet.resource.ResourceHttpRequestHandler]
2019-07-14 23:51:57.779  INFO 1632 --- [           main] o.s.w.s.handler.SimpleUrlHandlerMapping  : Mapped URL path [/**] onto handler of type [class org.springframework.web.servlet.resource.ResourceHttpRequestHandler]
2019-07-14 23:51:57.851  INFO 1632 --- [           main] o.s.w.s.handler.SimpleUrlHandlerMapping  : Mapped URL path [/**/favicon.ico] onto handler of type [class org.springframework.web.servlet.resource.ResourceHttpRequestHandler]
2019-07-14 23:51:58.323  INFO 1632 --- [           main] o.s.j.e.a.AnnotationMBeanExporter        : Registering beans for JMX exposure on startup
2019-07-14 23:51:58.328  INFO 1632 --- [           main] o.s.j.e.a.AnnotationMBeanExporter        : Bean with name 'dataSource' has been autodetected for JMX exposure
2019-07-14 23:51:58.337  INFO 1632 --- [           main] o.s.j.e.a.AnnotationMBeanExporter        : Located MBean 'dataSource': registering with JMX server as MBean [com.zaxxer.hikari:name=dataSource,type=HikariDataSource]
2019-07-14 23:51:58.399  INFO 1632 --- [           main] s.b.c.e.t.TomcatEmbeddedServletContainer : Tomcat started on port(s): 8999 (http)
2019-07-14 23:51:58.407  INFO 1632 --- [           main] com.tirmizee.RunSpringBootHibernate      : Started RunSpringBootHibernate in 11.676 seconds (JVM running for 12.704)
